Log file open, 12/28/19 19:06:54
LogWindows: Failed to load 'aqProf.dll' (GetLastError=126)
LogWindows: File 'aqProf.dll' does not exist
LogWindows: Failed to load 'VtuneApi.dll' (GetLastError=126)
LogWindows: File 'VtuneApi.dll' does not exist
LogWindows: Failed to load 'VtuneApi32e.dll' (GetLastError=126)
LogWindows: File 'VtuneApi32e.dll' does not exist
LogConsoleResponse: Display: Failed to find resolution value strings in scalability ini. Falling back to default.
LogInit: Display: Running engine for game: B_VR_Wedding_Set_01
LogPlatformFile: Not using cached read wrapper
LogTaskGraph: Started task graph with 5 named threads and 35 total threads with 3 sets of task threads.
LogStats: Stats thread started at 0.059040
LogD3D11RHI: Loaded GFSDK_Aftermath_Lib.x64.dll
LogICUInternationalization: ICU TimeZone Detection - Raw Offset: +5:30, Platform Override: ''
LogPluginManager: Display: Disabled plugin 'MegascansPlugin', continuing.
LogPluginManager: Mounting plugin Paper2D
LogPluginManager: Mounting plugin AISupport
LogPluginManager: Mounting plugin LightPropagationVolume
LogPluginManager: Mounting plugin ActorLayerUtilities
LogPluginManager: Mounting plugin AnimationSharing
LogPluginManager: Mounting plugin CLionSourceCodeAccess
LogPluginManager: Mounting plugin CodeLiteSourceCodeAccess
LogPluginManager: Mounting plugin ConcertMain
LogPluginManager: Mounting plugin ConcertSyncClient
LogPluginManager: Mounting plugin ConcertSyncCore
LogPluginManager: Found config from plugin[ConcertSyncCore] C:/Users/adity/OneDrive/Documents/GitHub/Unreal_Project/B_VR_Wedding_Set_01/Saved/Config/Windows/Engine.ini
LogPluginManager: Mounting plugin MultiUserClient
LogPluginManager: Mounting plugin GitSourceControl
LogPluginManager: Mounting plugin KDevelopSourceCodeAccess
LogPluginManager: Mounting plugin NullSourceCodeAccess
LogPluginManager: Mounting plugin PerforceSourceControl
LogPluginManager: Mounting plugin SubversionSourceControl
LogPluginManager: Mounting plugin UObjectPlugin
LogPluginManager: Mounting plugin VisualStudioCodeSourceCodeAccess
LogPluginManager: Mounting plugin VisualStudioSourceCodeAccess
LogPluginManager: Mounting plugin XCodeSourceCodeAccess
LogPluginManager: Mounting plugin AssetManagerEditor
LogPluginManager: Mounting plugin CryptoKeys
LogPluginManager: Mounting plugin CurveEditorTools
LogPluginManager: Mounting plugin DataValidation
LogPluginManager: Mounting plugin EditorScriptingUtilities
LogPluginManager: Mounting plugin FacialAnimation
LogPluginManager: Mounting plugin GameplayTagsEditor
LogPluginManager: Mounting plugin GLTFImporter
LogPluginManager: Mounting plugin MacGraphicsSwitching
LogPluginManager: Mounting plugin MaterialAnalyzer
LogPluginManager: Mounting plugin MeshEditor
LogPluginManager: Mounting plugin MobileLauncherProfileWizard
LogPluginManager: Mounting plugin PluginBrowser
LogPluginManager: Mounting plugin SpeedTreeImporter
LogPluginManager: Mounting plugin DatasmithContent
LogPluginManager: Mounting plugin VariantManagerContent
LogPluginManager: Mounting plugin AlembicImporter
LogPluginManager: Mounting plugin AutomationUtils
LogPluginManager: Mounting plugin BackChannel
LogPluginManager: Mounting plugin BlastPlugin
LogPluginManager: Mounting plugin ChaosSolverPlugin
LogPluginManager: Mounting plugin CharacterAI
LogPluginManager: Mounting plugin DataPrepEditor
LogPluginManager: Mounting plugin GeometryCache
LogPluginManager: Mounting plugin GeometryCollectionPlugin
LogPluginManager: Mounting plugin HTML5Networking
LogPluginManager: Mounting plugin PlatformCrypto
LogPluginManager: Mounting plugin ProxyLODPlugin
LogPluginManager: Mounting plugin SkeletalReduction
LogPluginManager: Mounting plugin MagicLeap
LogPluginManager: Mounting plugin MagicLeapMedia
LogPluginManager: Mounting plugin AndroidMedia
LogPluginManager: Mounting plugin AvfMedia
LogPluginManager: Mounting plugin ImgMedia
LogPluginManager: Mounting plugin MediaCompositing
LogPluginManager: Mounting plugin MediaPlayerEditor
LogPluginManager: Mounting plugin WebMMedia
LogPluginManager: Mounting plugin WmfMedia
LogPluginManager: Mounting plugin TcpMessaging
LogPluginManager: Mounting plugin UdpMessaging
LogPluginManager: Mounting plugin ActorSequence
LogPluginManager: Mounting plugin LevelSequenceEditor
LogPluginManager: Mounting plugin MatineeToLevelSequence
LogPluginManager: Mounting plugin NetcodeUnitTest
LogPluginManager: Mounting plugin NUTUnrealEngine4
LogPluginManager: Mounting plugin OnlineSubsystemGooglePlay
LogPluginManager: Mounting plugin OnlineSubsystemIOS
LogPluginManager: Mounting plugin OnlineSubsystem
LogPluginManager: Mounting plugin OnlineSubsystemNull
LogPluginManager: Mounting plugin OnlineSubsystemUtils
LogPluginManager: Mounting plugin LauncherChunkInstaller
LogPluginManager: Mounting plugin AndroidDeviceProfileSelector
LogPluginManager: Mounting plugin AndroidMoviePlayer
LogPluginManager: Mounting plugin AndroidPermission
LogPluginManager: Mounting plugin AppleImageUtils
LogPluginManager: Mounting plugin AppleMoviePlayer
LogPluginManager: Mounting plugin ArchVisCharacter
LogPluginManager: Mounting plugin AudioCapture
LogPluginManager: Mounting plugin CableComponent
LogPluginManager: Mounting plugin CustomMeshComponent
LogPluginManager: Mounting plugin SQLiteCore
LogPluginManager: Mounting plugin EditableMesh
LogPluginManager: Mounting plugin ExampleDeviceProfileSelector
LogPluginManager: Mounting plugin GoogleCloudMessaging
LogPluginManager: Mounting plugin IOSDeviceProfileSelector
LogPluginManager: Mounting plugin LinuxDeviceProfileSelector
LogPluginManager: Mounting plugin LocationServicesBPLibrary
LogPluginManager: Mounting plugin MobilePatchingUtils
LogPluginManager: Mounting plugin OculusVR
LogPluginManager: Mounting plugin PhysXVehicles
LogPluginManager: Mounting plugin ProceduralMeshComponent
LogPluginManager: Mounting plugin RuntimePhysXCooking
LogPluginManager: Mounting plugin SignificanceManager
LogPluginManager: Mounting plugin SteamVR
LogPluginManager: Mounting plugin WebMMoviePlayer
LogPluginManager: Mounting plugin WindowsMoviePlayer
LogPluginManager: Mounting plugin ScreenshotTools
LogPluginManager: Mounting plugin DatasmithC4DImporter
LogPluginManager: Mounting plugin DatasmithCADImporter
LogPluginManager: Mounting plugin DatasmithFBXImporter
LogPluginManager: Mounting plugin DatasmithGLTFImporter
LogPluginManager: Mounting plugin DatasmithIFCImporter
LogPluginManager: Mounting plugin DatasmithImporter
LogPluginManager: Mounting plugin MDLImporter
LogPluginManager: Mounting plugin StaticMeshEditorExtension
LogPluginManager: Mounting plugin VariantManager
LogInit: Using libcurl 7.55.1-DEV
LogInit:  - built for x86_64-pc-win32
LogInit:  - supports SSL with OpenSSL/1.1.1
LogInit:  - supports HTTP deflate (compression) using libz 1.2.8
LogInit:  - other features:
LogInit:      CURL_VERSION_SSL
LogInit:      CURL_VERSION_LIBZ
LogInit:      CURL_VERSION_IPV6
LogInit:      CURL_VERSION_ASYNCHDNS
LogInit:      CURL_VERSION_LARGEFILE
LogInit:      CURL_VERSION_IDN
LogInit:  CurlRequestOptions (configurable via config and command line):
LogInit:  - bVerifyPeer = true  - Libcurl will verify peer certificate
LogInit:  - bUseHttpProxy = false  - Libcurl will NOT use HTTP proxy
LogInit:  - bDontReuseConnections = false  - Libcurl will reuse connections
LogInit:  - MaxHostConnections = 16  - Libcurl will limit the number of connections to a host
LogInit:  - LocalHostAddr = Default
LogInit:  - BufferSize = 65536
LogOnline: OSS: Creating online subsystem instance for: NULL
LogInit: WinSock: version 1.1 (2.2), MaxSocks=32767, MaxUdp=65467
LogHMD: Failed initializing OVRPlugin 1.37.0
LogInit: Build: ++UE4+Release-4.23-CL-9631420
LogInit: Engine Version: 4.23.1-9631420+++UE4+Release-4.23
LogInit: Compatible Engine Version: 4.23.0-8386587+++UE4+Release-4.23
LogInit: Net CL: 8386587
LogInit: OS: Windows 10 (Release 1809) (), CPU: Intel(R) Core(TM) i7-9750H CPU @ 2.60GHz, GPU: NVIDIA GeForce GTX 1660 Ti
LogInit: Compiled (64-bit): Oct 18 2019 02:07:44
LogInit: Compiled with Visual C++: 19.16.27030.01
LogInit: Build Configuration: Development
LogInit: Branch Name: ++UE4+Release-4.23
LogInit: Command Line: 
LogInit: Base Directory: D:/00_UNREAL_Installation/UE_4.23/Engine/Binaries/Win64/
LogInit: Installed Engine Build: 1
LogDevObjectVersion: Number of dev versions registered: 23
LogDevObjectVersion:   Dev-Blueprints (B0D832E4-1F89-4F0D-ACCF-7EB736FD4AA2): 10
LogDevObjectVersion:   Dev-Build (E1C64328-A22C-4D53-A36C-8E866417BD8C): 0
LogDevObjectVersion:   Dev-Core (375EC13C-06E4-48FB-B500-84F0262A717E): 3
LogDevObjectVersion:   Dev-Editor (E4B068ED-F494-42E9-A231-DA0B2E46BB41): 34
LogDevObjectVersion:   Dev-Framework (CFFC743F-43B0-4480-9391-14DF171D2073): 35
LogDevObjectVersion:   Dev-Mobile (B02B49B5-BB20-44E9-A304-32B752E40360): 2
LogDevObjectVersion:   Dev-Networking (A4E4105C-59A1-49B5-A7C5-40C4547EDFEE): 0
LogDevObjectVersion:   Dev-Online (39C831C9-5AE6-47DC-9A44-9C173E1C8E7C): 0
LogDevObjectVersion:   Dev-Physics (78F01B33-EBEA-4F98-B9B4-84EACCB95AA2): 0
LogDevObjectVersion:   Dev-Platform (6631380F-2D4D-43E0-8009-CF276956A95A): 0
LogDevObjectVersion:   Dev-Rendering (12F88B9F-8875-4AFC-A67C-D90C383ABD29): 31
LogDevObjectVersion:   Dev-Sequencer (7B5AE74C-D270-4C10-A958-57980B212A5A): 11
LogDevObjectVersion:   Dev-VR (D7296918-1DD6-4BDD-9DE2-64A83CC13884): 2
LogDevObjectVersion:   Dev-LoadTimes (C2A15278-BFE7-4AFE-6C17-90FF531DF755): 1
LogDevObjectVersion:   Private-Geometry (6EACA3D4-40EC-4CC1-B786-8BED09428FC5): 3
LogDevObjectVersion:   Dev-AnimPhys (29E575DD-E0A3-4627-9D10-D276232CDCEA): 17
LogDevObjectVersion:   Dev-Anim (AF43A65D-7FD3-4947-9873-3E8ED9C1BB05): 2
LogDevObjectVersion:   Dev-ReflectionCapture (6B266CEC-1EC7-4B8F-A30B-E4D90942FC07): 1
LogDevObjectVersion:   Dev-Automation (0DF73D61-A23F-47EA-B727-89E90C41499A): 1
LogDevObjectVersion:   FortniteMain (601D1886-AC64-4F84-AA16-D3DE0DEAC7D6): 27
LogDevObjectVersion:   Dev-Enterprise (9DFFBCD6-494F-0158-E221-12823C92A888): 6
LogDevObjectVersion:   Dev-Niagara (F2AED0AC-9AFE-416F-8664-AA7FFA26D6FC): 1
LogDevObjectVersion:   Dev-Destruction (174F1F0B-B4C6-45A5-B13F-2EE8D0FB917D): 9
LogInit: Presizing for max 16777216 objects, including 0 objects not considered by GC, pre-allocating 0 bytes for permanent pool.
LogInit: Object subsystem initialized
LogConfig: Setting CVar [[con.DebugEarlyDefault:1]]
LogConfig: Setting CVar [[r.setres:1280x720]]
[2019.12.28-13.36.54:924][  0]LogConfig: Setting CVar [[r.VSync:0]]
[2019.12.28-13.36.54:924][  0]LogConfig: Setting CVar [[r.RHICmdBypass:0]]
[2019.12.28-13.36.54:924][  0]LogConfig: Applying CVar settings from Section [/Script/Engine.RendererSettings] File [C:/Users/adity/OneDrive/Documents/GitHub/Unreal_Project/B_VR_Wedding_Set_01/Saved/Config/Windows/Engine.ini]
[2019.12.28-13.36.54:924][  0]LogConfig: Setting CVar [[r.GPUCrashDebugging:0]]
[2019.12.28-13.36.54:925][  0]LogConfig: Setting CVar [[r.DefaultFeature.AmbientOcclusion:0]]
[2019.12.28-13.36.54:925][  0]LogConfig: Setting CVar [[r.DefaultFeature.AmbientOcclusionStaticFraction:0]]
[2019.12.28-13.36.54:925][  0]LogConfig: Setting CVar [[vr.InstancedStereo:1]]
[2019.12.28-13.36.54:925][  0]LogConfig: Setting CVar [[r.SeparateTranslucency:0]]
[2019.12.28-13.36.54:925][  0]LogConfig: Setting CVar [[r.HZBOcclusion:0]]
[2019.12.28-13.36.54:925][  0]LogConfig: Setting CVar [[r.SSR.MaxRoughness:0]]
[2019.12.28-13.36.54:925][  0]LogConfig: Setting CVar [[r.rhicmdbypass:0]]
[2019.12.28-13.36.54:925][  0]LogConfig: Applying CVar settings from Section [/Script/Engine.RendererOverrideSettings] File [C:/Users/adity/OneDrive/Documents/GitHub/Unreal_Project/B_VR_Wedding_Set_01/Saved/Config/Windows/Engine.ini]
[2019.12.28-13.36.54:925][  0]LogConfig: Applying CVar settings from Section [/Script/Engine.StreamingSettings] File [C:/Users/adity/OneDrive/Documents/GitHub/Unreal_Project/B_VR_Wedding_Set_01/Saved/Config/Windows/Engine.ini]
[2019.12.28-13.36.54:925][  0]LogConfig: Setting CVar [[s.MinBulkDataSizeForAsyncLoading:131072]]
[2019.12.28-13.36.54:925][  0]LogConfig: Setting CVar [[s.AsyncLoadingThreadEnabled:0]]
[2019.12.28-13.36.54:925][  0]LogConfig: Setting CVar [[s.EventDrivenLoaderEnabled:1]]
[2019.12.28-13.36.54:925][  0]LogConfig: Setting CVar [[s.WarnIfTimeLimitExceeded:0]]
[2019.12.28-13.36.54:925][  0]LogConfig: Setting CVar [[s.TimeLimitExceededMultiplier:1.5]]
[2019.12.28-13.36.54:925][  0]LogConfig: Setting CVar [[s.TimeLimitExceededMinTime:0.005]]
[2019.12.28-13.36.54:925][  0]LogConfig: Setting CVar [[s.UseBackgroundLevelStreaming:1]]
[2019.12.28-13.36.54:925][  0]LogConfig: Setting CVar [[s.PriorityAsyncLoadingExtraTime:15.0]]
[2019.12.28-13.36.54:925][  0]LogConfig: Setting CVar [[s.LevelStreamingActorsUpdateTimeLimit:5.0]]
[2019.12.28-13.36.54:925][  0]LogConfig: Setting CVar [[s.PriorityLevelStreamingActorsUpdateExtraTime:5.0]]
[2019.12.28-13.36.54:925][  0]LogConfig: Setting CVar [[s.LevelStreamingComponentsRegistrationGranularity:10]]
[2019.12.28-13.36.54:925][  0]LogConfig: Setting CVar [[s.UnregisterComponentsTimeLimit:1.0]]
[2019.12.28-13.36.54:925][  0]LogConfig: Setting CVar [[s.LevelStreamingComponentsUnregistrationGranularity:5]]
[2019.12.28-13.36.54:925][  0]LogConfig: Applying CVar settings from Section [/Script/Engine.GarbageCollectionSettings] File [C:/Users/adity/OneDrive/Documents/GitHub/Unreal_Project/B_VR_Wedding_Set_01/Saved/Config/Windows/Engine.ini]
[2019.12.28-13.36.54:925][  0]LogConfig: Setting CVar [[gc.MaxObjectsNotConsideredByGC:1]]
[2019.12.28-13.36.54:925][  0]LogConfig: Setting CVar [[gc.SizeOfPermanentObjectPool:0]]
[2019.12.28-13.36.54:925][  0]LogConfig: Setting CVar [[gc.FlushStreamingOnGC:0]]
[2019.12.28-13.36.54:925][  0]LogConfig: Setting CVar [[gc.NumRetriesBeforeForcingGC:10]]
[2019.12.28-13.36.54:925][  0]LogConfig: Setting CVar [[gc.AllowParallelGC:1]]
[2019.12.28-13.36.54:925][  0]LogConfig: Setting CVar [[gc.TimeBetweenPurgingPendingKillObjects:61.1]]
[2019.12.28-13.36.54:925][  0]LogConfig: Setting CVar [[gc.MaxObjectsInEditor:16777216]]
[2019.12.28-13.36.54:925][  0]LogConfig: Setting CVar [[gc.IncrementalBeginDestroyEnabled:1]]
[2019.12.28-13.36.54:925][  0]LogConfig: Setting CVar [[gc.CreateGCClusters:1]]
[2019.12.28-13.36.54:925][  0]LogConfig: Setting CVar [[gc.MinGCClusterSize:5]]
[2019.12.28-13.36.54:925][  0]LogConfig: Setting CVar [[gc.ActorClusteringEnabled:0]]
[2019.12.28-13.36.54:925][  0]LogConfig: Setting CVar [[gc.BlueprintClusteringEnabled:0]]
[2019.12.28-13.36.54:925][  0]LogConfig: Setting CVar [[gc.UseDisregardForGCOnDedicatedServers:0]]
[2019.12.28-13.36.54:925][  0]LogConfig: Applying CVar settings from Section [/Script/Engine.NetworkSettings] File [C:/Users/adity/OneDrive/Documents/GitHub/Unreal_Project/B_VR_Wedding_Set_01/Saved/Config/Windows/Engine.ini]
[2019.12.28-13.36.54:925][  0]LogConfig: Applying CVar settings from Section [/Script/UnrealEd.CookerSettings] File [C:/Users/adity/OneDrive/Documents/GitHub/Unreal_Project/B_VR_Wedding_Set_01/Saved/Config/Windows/Engine.ini]
[2019.12.28-13.36.54:928][  0]LogConfig: Applying CVar settings from Section [ViewDistanceQuality@3] File [C:/Users/adity/OneDrive/Documents/GitHub/Unreal_Project/B_VR_Wedding_Set_01/Saved/Config/Windows/Scalability.ini]
[2019.12.28-13.36.54:928][  0]LogConfig: Setting CVar [[r.SkeletalMeshLODBias:0]]
[2019.12.28-13.36.54:928][  0]LogConfig: Setting CVar [[r.ViewDistanceScale:1.0]]
[2019.12.28-13.36.54:928][  0]LogConfig: Applying CVar settings from Section [AntiAliasingQuality@3] File [C:/Users/adity/OneDrive/Documents/GitHub/Unreal_Project/B_VR_Wedding_Set_01/Saved/Config/Windows/Scalability.ini]
[2019.12.28-13.36.54:928][  0]LogConfig: Setting CVar [[r.PostProcessAAQuality:3]]
[2019.12.28-13.36.54:928][  0]LogConfig: Applying CVar settings from Section [ShadowQuality@3] File [C:/Users/adity/OneDrive/Documents/GitHub/Unreal_Project/B_VR_Wedding_Set_01/Saved/Config/Windows/Scalability.ini]
[2019.12.28-13.36.54:928][  0]LogConfig: Setting CVar [[r.LightFunctionQuality:1]]
[2019.12.28-13.36.54:928][  0]LogConfig: Setting CVar [[r.ShadowQuality:5]]
[2019.12.28-13.36.54:928][  0]LogConfig: Setting CVar [[r.Shadow.CSM.MaxCascades:10]]
[2019.12.28-13.36.54:928][  0]LogConfig: Setting CVar [[r.Shadow.MaxResolution:2048]]
[2019.12.28-13.36.54:928][  0]LogConfig: Setting CVar [[r.Shadow.MaxCSMResolution:2048]]
[2019.12.28-13.36.54:928][  0]LogConfig: Setting CVar [[r.Shadow.RadiusThreshold:0.01]]
[2019.12.28-13.36.54:928][  0]LogConfig: Setting CVar [[r.Shadow.DistanceScale:1.0]]
[2019.12.28-13.36.54:928][  0]LogConfig: Setting CVar [[r.Shadow.CSM.TransitionScale:1.0]]
[2019.12.28-13.36.54:928][  0]LogConfig: Setting CVar [[r.Shadow.PreShadowResolutionFactor:1.0]]
[2019.12.28-13.36.54:928][  0]LogConfig: Setting CVar [[r.DistanceFieldShadowing:1]]
[2019.12.28-13.36.54:928][  0]LogConfig: Setting CVar [[r.DistanceFieldAO:1]]
[2019.12.28-13.36.54:928][  0]LogConfig: Setting CVar [[r.AOQuality:2]]
[2019.12.28-13.36.54:928][  0]LogConfig: Setting CVar [[r.VolumetricFog:1]]
[2019.12.28-13.36.54:928][  0]LogConfig: Setting CVar [[r.VolumetricFog.GridPixelSize:8]]
[2019.12.28-13.36.54:928][  0]LogConfig: Setting CVar [[r.VolumetricFog.GridSizeZ:128]]
[2019.12.28-13.36.54:928][  0]LogConfig: Setting CVar [[r.VolumetricFog.HistoryMissSupersampleCount:4]]
[2019.12.28-13.36.54:928][  0]LogConfig: Setting CVar [[r.LightMaxDrawDistanceScale:1]]
[2019.12.28-13.36.54:928][  0]LogConfig: Setting CVar [[r.CapsuleShadows:1]]
[2019.12.28-13.36.54:928][  0]LogConfig: Applying CVar settings from Section [PostProcessQuality@3] File [C:/Users/adity/OneDrive/Documents/GitHub/Unreal_Project/B_VR_Wedding_Set_01/Saved/Config/Windows/Scalability.ini]
[2019.12.28-13.36.54:928][  0]LogConfig: Setting CVar [[r.MotionBlurQuality:0]]
[2019.12.28-13.36.54:928][  0]LogConfig: Setting CVar [[r.AmbientOcclusionMipLevelFactor:0.4]]
[2019.12.28-13.36.54:928][  0]LogConfig: Setting CVar [[r.AmbientOcclusionMaxQuality:100]]
[2019.12.28-13.36.54:928][  0]LogConfig: Setting CVar [[r.AmbientOcclusionLevels:0]]
[2019.12.28-13.36.54:928][  0]LogConfig: Setting CVar [[r.AmbientOcclusionRadiusScale:1.0]]
[2019.12.28-13.36.54:928][  0]LogConfig: Setting CVar [[r.DepthOfFieldQuality:0]]
[2019.12.28-13.36.54:928][  0]LogConfig: Setting CVar [[r.RenderTargetPoolMin:400]]
[2019.12.28-13.36.54:928][  0]LogConfig: Setting CVar [[r.LensFlareQuality:0]]
[2019.12.28-13.36.54:928][  0]LogConfig: Setting CVar [[r.SceneColorFringeQuality:0]]
[2019.12.28-13.36.54:928][  0]LogConfig: Setting CVar [[r.EyeAdaptationQuality:2]]
[2019.12.28-13.36.54:928][  0]LogConfig: Setting CVar [[r.BloomQuality:1]]
[2019.12.28-13.36.54:928][  0]LogConfig: Setting CVar [[r.FastBlurThreshold:0]]
[2019.12.28-13.36.54:928][  0]LogConfig: Setting CVar [[r.Upscale.Quality:3]]
[2019.12.28-13.36.54:928][  0]LogConfig: Setting CVar [[r.Tonemapper.GrainQuantization:1]]
[2019.12.28-13.36.54:928][  0]LogConfig: Setting CVar [[r.LightShaftQuality:1]]
[2019.12.28-13.36.54:928][  0]LogConfig: Setting CVar [[r.Filter.SizeScale:1]]
[2019.12.28-13.36.54:929][  0]LogConfig: Setting CVar [[r.Tonemapper.Quality:5]]
[2019.12.28-13.36.54:929][  0]LogConfig: Setting CVar [[r.DOF.Gather.AccumulatorQuality:1        ; higher gathering accumulator quality]]
[2019.12.28-13.36.54:929][  0]LogConfig: Setting CVar [[r.DOF.Gather.PostfilterMethod:1          ; Median3x3 postfilering method]]
[2019.12.28-13.36.54:929][  0]LogConfig: Setting CVar [[r.DOF.Gather.EnableBokehSettings:0       ; no bokeh simulation when gathering]]
[2019.12.28-13.36.54:929][  0]LogConfig: Setting CVar [[r.DOF.Gather.RingCount:4                 ; medium number of samples when gathering]]
[2019.12.28-13.36.54:929][  0]LogConfig: Setting CVar [[r.DOF.Scatter.ForegroundCompositing:1    ; additive foreground scattering]]
[2019.12.28-13.36.54:929][  0]LogConfig: Setting CVar [[r.DOF.Scatter.BackgroundCompositing:2    ; additive background scattering]]
[2019.12.28-13.36.54:929][  0]LogConfig: Setting CVar [[r.DOF.Scatter.EnableBokehSettings:1      ; bokeh simulation when scattering]]
[2019.12.28-13.36.54:929][  0]LogConfig: Setting CVar [[r.DOF.Scatter.MaxSpriteRatio:0.1         ; only a maximum of 10% of scattered bokeh]]
[2019.12.28-13.36.54:929][  0]LogConfig: Setting CVar [[r.DOF.Recombine.Quality:1                ; cheap slight out of focus]]
[2019.12.28-13.36.54:929][  0]LogConfig: Setting CVar [[r.DOF.Recombine.EnableBokehSettings:0    ; no bokeh simulation on slight out of focus]]
[2019.12.28-13.36.54:929][  0]LogConfig: Setting CVar [[r.DOF.TemporalAAQuality:1                ; more stable temporal accumulation]]
[2019.12.28-13.36.54:929][  0]LogConfig: Setting CVar [[r.DOF.Kernel.MaxForegroundRadius:0.025]]
[2019.12.28-13.36.54:929][  0]LogConfig: Setting CVar [[r.DOF.Kernel.MaxBackgroundRadius:0.025]]
[2019.12.28-13.36.54:929][  0]LogConfig: Applying CVar settings from Section [TextureQuality@3] File [C:/Users/adity/OneDrive/Documents/GitHub/Unreal_Project/B_VR_Wedding_Set_01/Saved/Config/Windows/Scalability.ini]
[2019.12.28-13.36.54:929][  0]LogConfig: Setting CVar [[r.Streaming.MipBias:0]]
[2019.12.28-13.36.54:929][  0]LogConfig: Setting CVar [[r.Streaming.AmortizeCPUToGPUCopy:0]]
[2019.12.28-13.36.54:929][  0]LogConfig: Setting CVar [[r.Streaming.MaxNumTexturesToStreamPerFrame:0]]
[2019.12.28-13.36.54:929][  0]LogConfig: Setting CVar [[r.Streaming.Boost:1]]
[2019.12.28-13.36.54:929][  0]LogConfig: Setting CVar [[r.MaxAnisotropy:8]]
[2019.12.28-13.36.54:929][  0]LogConfig: Setting CVar [[r.Streaming.LimitPoolSizeToVRAM:0]]
[2019.12.28-13.36.54:929][  0]LogConfig: Setting CVar [[r.Streaming.PoolSize:1000]]
[2019.12.28-13.36.54:929][  0]LogConfig: Setting CVar [[r.Streaming.MaxEffectiveScreenSize:0]]
[2019.12.28-13.36.54:929][  0]LogConfig: Applying CVar settings from Section [EffectsQuality@3] File [C:/Users/adity/OneDrive/Documents/GitHub/Unreal_Project/B_VR_Wedding_Set_01/Saved/Config/Windows/Scalability.ini]
[2019.12.28-13.36.54:929][  0]LogConfig: Setting CVar [[r.TranslucencyLightingVolumeDim:4]]
[2019.12.28-13.36.54:929][  0]LogConfig: Setting CVar [[r.RefractionQuality:2]]
[2019.12.28-13.36.54:929][  0]LogConfig: Setting CVar [[r.SSR.Quality:0]]
[2019.12.28-13.36.54:929][  0]LogConfig: Setting CVar [[r.SceneColorFormat:2]]
[2019.12.28-13.36.54:929][  0]LogConfig: Setting CVar [[r.DetailMode:2]]
[2019.12.28-13.36.54:929][  0]LogConfig: Setting CVar [[r.TranslucencyVolumeBlur:0]]
[2019.12.28-13.36.54:929][  0]LogConfig: Setting CVar [[r.MaterialQualityLevel:1 ; High quality]]
[2019.12.28-13.36.54:929][  0]LogConfig: Setting CVar [[r.SSS.Scale:1]]
[2019.12.28-13.36.54:929][  0]LogConfig: Setting CVar [[r.SSS.SampleSet:2]]
[2019.12.28-13.36.54:929][  0]LogConfig: Setting CVar [[r.SSS.Quality:1]]
[2019.12.28-13.36.54:929][  0]LogConfig: Setting CVar [[r.SSS.HalfRes:1]]
[2019.12.28-13.36.54:929][  0]LogConfig: Setting CVar [[r.EmitterSpawnRateScale:1.0]]
[2019.12.28-13.36.54:929][  0]LogConfig: Setting CVar [[r.ParticleLightQuality:2]]
[2019.12.28-13.36.54:929][  0]LogConfig: Applying CVar settings from Section [FoliageQuality@3] File [C:/Users/adity/OneDrive/Documents/GitHub/Unreal_Project/B_VR_Wedding_Set_01/Saved/Config/Windows/Scalability.ini]
[2019.12.28-13.36.54:929][  0]LogConfig: Setting CVar [[foliage.DensityScale:1.0]]
[2019.12.28-13.36.54:929][  0]LogConfig: Setting CVar [[grass.DensityScale:1.0]]
[2019.12.28-13.36.54:929][  0]LogInit: Selected Device Profile: [Windows]
[2019.12.28-13.36.54:929][  0]LogInit: Applying CVar settings loaded from the selected device profile: [Windows]
[2019.12.28-13.36.54:931][  0]LogHAL: Display: Platform has ~ 16 GB [17095184384 / 17179869184 / 16], which maps to Larger [LargestMinGB=32, LargerMinGB=12, DefaultMinGB=8, SmallerMinGB=6, SmallestMinGB=0)
[2019.12.28-13.36.54:931][  0]LogInit: Going up to parent DeviceProfile []
[2019.12.28-13.36.54:931][  0]LogConfig: Applying CVar settings from Section [ViewDistanceQuality@2] File [C:/Users/adity/OneDrive/Documents/GitHub/Unreal_Project/B_VR_Wedding_Set_01/Saved/Config/Windows/Scalability.ini]
[2019.12.28-13.36.54:931][  0]LogConfig: Setting CVar [[r.SkeletalMeshLODBias:0]]
[2019.12.28-13.36.54:931][  0]LogConfig: Setting CVar [[r.ViewDistanceScale:0.8]]
[2019.12.28-13.36.54:931][  0]LogConfig: Applying CVar settings from Section [AntiAliasingQuality@2] File [C:/Users/adity/OneDrive/Documents/GitHub/Unreal_Project/B_VR_Wedding_Set_01/Saved/Config/Windows/Scalability.ini]
[2019.12.28-13.36.54:931][  0]LogConfig: Setting CVar [[r.PostProcessAAQuality:3]]
[2019.12.28-13.36.54:931][  0]LogConfig: Applying CVar settings from Section [ShadowQuality@2] File [C:/Users/adity/OneDrive/Documents/GitHub/Unreal_Project/B_VR_Wedding_Set_01/Saved/Config/Windows/Scalability.ini]
[2019.12.28-13.36.54:931][  0]LogConfig: Setting CVar [[r.LightFunctionQuality:1]]
[2019.12.28-13.36.54:931][  0]LogConfig: Setting CVar [[r.ShadowQuality:5]]
[2019.12.28-13.36.54:931][  0]LogConfig: Setting CVar [[r.Shadow.CSM.MaxCascades:4]]
[2019.12.28-13.36.54:931][  0]LogConfig: Setting CVar [[r.Shadow.MaxResolution:1024]]
[2019.12.28-13.36.54:931][  0]LogConfig: Setting CVar [[r.Shadow.MaxCSMResolution:2048]]
[2019.12.28-13.36.54:931][  0]LogConfig: Setting CVar [[r.Shadow.RadiusThreshold:0.04]]
[2019.12.28-13.36.54:931][  0]LogConfig: Setting CVar [[r.Shadow.DistanceScale:0.85]]
[2019.12.28-13.36.54:931][  0]LogConfig: Setting CVar [[r.Shadow.CSM.TransitionScale:0.8]]
[2019.12.28-13.36.54:931][  0]LogConfig: Setting CVar [[r.Shadow.PreShadowResolutionFactor:0.5]]
[2019.12.28-13.36.54:931][  0]LogConfig: Setting CVar [[r.DistanceFieldShadowing:1]]
[2019.12.28-13.36.54:931][  0]LogConfig: Setting CVar [[r.DistanceFieldAO:1]]
[2019.12.28-13.36.54:931][  0]LogConfig: Setting CVar [[r.AOQuality:1]]
[2019.12.28-13.36.54:931][  0]LogConfig: Setting CVar [[r.VolumetricFog:1]]
[2019.12.28-13.36.54:931][  0]LogConfig: Setting CVar [[r.VolumetricFog.GridPixelSize:16]]
[2019.12.28-13.36.54:931][  0]LogConfig: Setting CVar [[r.VolumetricFog.GridSizeZ:64]]
[2019.12.28-13.36.54:931][  0]LogConfig: Setting CVar [[r.VolumetricFog.HistoryMissSupersampleCount:4]]
[2019.12.28-13.36.54:931][  0]LogConfig: Setting CVar [[r.LightMaxDrawDistanceScale:1]]
[2019.12.28-13.36.54:931][  0]LogConfig: Setting CVar [[r.CapsuleShadows:1]]
[2019.12.28-13.36.54:931][  0]LogConfig: Applying CVar settings from Section [PostProcessQuality@2] File [C:/Users/adity/OneDrive/Documents/GitHub/Unreal_Project/B_VR_Wedding_Set_01/Saved/Config/Windows/Scalability.ini]
[2019.12.28-13.36.54:931][  0]LogConfig: Setting CVar [[r.MotionBlurQuality:0]]
[2019.12.28-13.36.54:931][  0]LogConfig: Setting CVar [[r.AmbientOcclusionMipLevelFactor:0.6]]
[2019.12.28-13.36.54:931][  0]LogConfig: Setting CVar [[r.AmbientOcclusionMaxQuality:100]]
[2019.12.28-13.36.54:932][  0]LogConfig: Setting CVar [[r.AmbientOcclusionLevels:0]]
[2019.12.28-13.36.54:932][  0]LogConfig: Setting CVar [[r.AmbientOcclusionRadiusScale:1.5]]
[2019.12.28-13.36.54:932][  0]LogConfig: Setting CVar [[r.DepthOfFieldQuality:0]]
[2019.12.28-13.36.54:932][  0]LogConfig: Setting CVar [[r.RenderTargetPoolMin:400]]
[2019.12.28-13.36.54:932][  0]LogConfig: Setting CVar [[r.LensFlareQuality:0]]
[2019.12.28-13.36.54:932][  0]LogConfig: Setting CVar [[r.SceneColorFringeQuality:0]]
[2019.12.28-13.36.54:932][  0]LogConfig: Setting CVar [[r.EyeAdaptationQuality:2]]
[2019.12.28-13.36.54:932][  0]LogConfig: Setting CVar [[r.BloomQuality:1]]
[2019.12.28-13.36.54:932][  0]LogConfig: Setting CVar [[r.FastBlurThreshold:0]]
[2019.12.28-13.36.54:932][  0]LogConfig: Setting CVar [[r.Upscale.Quality:2]]
[2019.12.28-13.36.54:932][  0]LogConfig: Setting CVar [[r.Tonemapper.GrainQuantization:1]]
[2019.12.28-13.36.54:932][  0]LogConfig: Setting CVar [[r.LightShaftQuality:1]]
[2019.12.28-13.36.54:932][  0]LogConfig: Setting CVar [[r.Filter.SizeScale:0.8]]
[2019.12.28-13.36.54:932][  0]LogConfig: Setting CVar [[r.Tonemapper.Quality:5]]
[2019.12.28-13.36.54:932][  0]LogConfig: Setting CVar [[r.DOF.Gather.AccumulatorQuality:0        ; lower gathering accumulator quality]]
[2019.12.28-13.36.54:932][  0]LogConfig: Setting CVar [[r.DOF.Gather.PostfilterMethod:2          ; Max3x3 postfilering method]]
[2019.12.28-13.36.54:932][  0]LogConfig: Setting CVar [[r.DOF.Gather.EnableBokehSettings:0       ; no bokeh simulation when gathering]]
[2019.12.28-13.36.54:932][  0]LogConfig: Setting CVar [[r.DOF.Gather.RingCount:4                 ; medium number of samples when gathering]]
[2019.12.28-13.36.54:932][  0]LogConfig: Setting CVar [[r.DOF.Scatter.ForegroundCompositing:1    ; additive foreground scattering]]
[2019.12.28-13.36.54:932][  0]LogConfig: Setting CVar [[r.DOF.Scatter.BackgroundCompositing:1    ; no background occlusion]]
[2019.12.28-13.36.54:932][  0]LogConfig: Setting CVar [[r.DOF.Scatter.EnableBokehSettings:0      ; no bokeh simulation when scattering]]
[2019.12.28-13.36.54:932][  0]LogConfig: Setting CVar [[r.DOF.Scatter.MaxSpriteRatio:0.04        ; only a maximum of 4% of scattered bokeh]]
[2019.12.28-13.36.54:932][  0]LogConfig: Setting CVar [[r.DOF.Recombine.Quality:0                ; no slight out of focus]]
[2019.12.28-13.36.54:932][  0]LogConfig: Setting CVar [[r.DOF.TemporalAAQuality:0                ; faster temporal accumulation]]
[2019.12.28-13.36.54:932][  0]LogConfig: Setting CVar [[r.DOF.Kernel.MaxForegroundRadius:0.012   ; required because of AccumulatorQuality=0]]
[2019.12.28-13.36.54:932][  0]LogConfig: Setting CVar [[r.DOF.Kernel.MaxBackgroundRadius:0.012   ; required because of AccumulatorQuality=0]]
[2019.12.28-13.36.54:932][  0]LogConfig: Applying CVar settings from Section [TextureQuality@2] File [C:/Users/adity/OneDrive/Documents/GitHub/Unreal_Project/B_VR_Wedding_Set_01/Saved/Config/Windows/Scalability.ini]
[2019.12.28-13.36.54:932][  0]LogConfig: Setting CVar [[r.Streaming.MipBias:0]]
[2019.12.28-13.36.54:932][  0]LogConfig: Setting CVar [[r.Streaming.AmortizeCPUToGPUCopy:0]]
[2019.12.28-13.36.54:932][  0]LogConfig: Setting CVar [[r.Streaming.MaxNumTexturesToStreamPerFrame:0]]
[2019.12.28-13.36.54:932][  0]LogConfig: Setting CVar [[r.Streaming.Boost:1]]
[2019.12.28-13.36.54:932][  0]LogConfig: Setting CVar [[r.MaxAnisotropy:4]]
[2019.12.28-13.36.54:932][  0]LogConfig: Setting CVar [[r.Streaming.LimitPoolSizeToVRAM:1]]
[2019.12.28-13.36.54:932][  0]LogConfig: Setting CVar [[r.Streaming.PoolSize:800]]
[2019.12.28-13.36.54:932][  0]LogConfig: Setting CVar [[r.Streaming.MaxEffectiveScreenSize:0]]
[2019.12.28-13.36.54:932][  0]LogConfig: Applying CVar settings from Section [EffectsQuality@2] File [C:/Users/adity/OneDrive/Documents/GitHub/Unreal_Project/B_VR_Wedding_Set_01/Saved/Config/Windows/Scalability.ini]
[2019.12.28-13.36.54:932][  0]LogConfig: Setting CVar [[r.TranslucencyLightingVolumeDim:4]]
[2019.12.28-13.36.54:932][  0]LogConfig: Setting CVar [[r.RefractionQuality:2]]
[2019.12.28-13.36.54:932][  0]LogConfig: Setting CVar [[r.SSR.Quality:0]]
[2019.12.28-13.36.54:932][  0]LogConfig: Setting CVar [[r.SceneColorFormat:2]]
[2019.12.28-13.36.54:932][  0]LogConfig: Setting CVar [[r.DetailMode:1]]
[2019.12.28-13.36.54:932][  0]LogConfig: Setting CVar [[r.TranslucencyVolumeBlur:0]]
[2019.12.28-13.36.54:932][  0]LogConfig: Setting CVar [[r.MaterialQualityLevel:1 ; High quality]]
[2019.12.28-13.36.54:932][  0]LogConfig: Setting CVar [[r.SSS.Scale:1]]
[2019.12.28-13.36.54:932][  0]LogConfig: Setting CVar [[r.SSS.SampleSet:1]]
[2019.12.28-13.36.54:932][  0]LogConfig: Setting CVar [[r.SSS.Quality:-1]]
[2019.12.28-13.36.54:932][  0]LogConfig: Setting CVar [[r.SSS.HalfRes:1]]
[2019.12.28-13.36.54:932][  0]LogConfig: Setting CVar [[r.EmitterSpawnRateScale:0.5]]
[2019.12.28-13.36.54:932][  0]LogConfig: Setting CVar [[r.ParticleLightQuality:1]]
[2019.12.28-13.36.54:932][  0]LogConfig: Applying CVar settings from Section [FoliageQuality@2] File [C:/Users/adity/OneDrive/Documents/GitHub/Unreal_Project/B_VR_Wedding_Set_01/Saved/Config/Windows/Scalability.ini]
[2019.12.28-13.36.54:932][  0]LogConfig: Setting CVar [[foliage.DensityScale:0.8]]
[2019.12.28-13.36.54:932][  0]LogConfig: Setting CVar [[grass.DensityScale:0.8]]
[2019.12.28-13.36.54:932][  0]LogConfig: Applying CVar settings from Section [Startup] File [../../../Engine/Config/ConsoleVariables.ini]
[2019.12.28-13.36.54:932][  0]LogConfig: Setting CVar [[net.UseAdaptiveNetUpdateFrequency:0]]
[2019.12.28-13.36.54:932][  0]LogConfig: Setting CVar [[p.chaos.AllowCreatePhysxBodies:1]]
[2019.12.28-13.36.54:932][  0]LogConfig: Applying CVar settings from Section [ConsoleVariables] File [C:/Users/adity/OneDrive/Documents/GitHub/Unreal_Project/B_VR_Wedding_Set_01/Saved/Config/Windows/Engine.ini]
[2019.12.28-13.36.54:932][  0]LogInit: Computer: LAPTOP-KKH0V3A3
[2019.12.28-13.36.54:932][  0]LogInit: User: adity
[2019.12.28-13.36.54:932][  0]LogInit: CPU Page size=4096, Cores=6
[2019.12.28-13.36.54:932][  0]LogInit: High frequency timer resolution =10.000000 MHz
[2019.12.28-13.36.54:933][  0]LogMemory: Memory total: Physical=15.9GB (16GB approx)
[2019.12.28-13.36.54:933][  0]LogMemory: Platform Memory Stats for Windows
[2019.12.28-13.36.54:933][  0]LogMemory: Process Physical Memory: 110.12 MB used, 110.12 MB peak
[2019.12.28-13.36.54:933][  0]LogMemory: Process Virtual Memory: 104.76 MB used, 104.76 MB peak
[2019.12.28-13.36.54:933][  0]LogMemory: Physical Memory: 7969.04 MB used,  8334.20 MB free, 16303.24 MB total
[2019.12.28-13.36.54:933][  0]LogMemory: Virtual Memory: 4760.46 MB used,  134212968.00 MB free, 134217728.00 MB total
[2019.12.28-13.36.54:935][  0]LogWindows: WindowsPlatformFeatures enabled
[2019.12.28-13.36.54:954][  0]LogInit: Using OS detected language (en-US).
[2019.12.28-13.36.54:955][  0]LogInit: Using OS detected locale (en-US).
[2019.12.28-13.36.54:955][  0]LogTextLocalizationManager: No specific localization for 'en-US' exists, so the 'en' localization will be used.
[2019.12.28-13.36.55:093][  0]LogInit: Setting process to per monitor DPI aware
[2019.12.28-13.36.55:122][  0]LogSlate: New Slate User Created.  User Index 0, Is Virtual User: 0
[2019.12.28-13.36.55:122][  0]LogSlate: Slate User Registered.  User Index 0, Is Virtual User: 0
[2019.12.28-13.36.55:306][  0]LogHMD: Failed to initialize OpenVR with code 126
[2019.12.28-13.36.55:306][  0]LogD3D11RHI: D3D11 adapters:
[2019.12.28-13.36.55:367][  0]LogD3D11RHI:    0. 'NVIDIA GeForce GTX 1660 Ti' (Feature Level 11_0)
[2019.12.28-13.36.55:367][  0]LogD3D11RHI:       5991/0/8151 MB DedicatedVideo/DedicatedSystem/SharedSystem, Outputs:2, VendorId:0x10de
[2019.12.28-13.36.55:369][  0]LogD3D11RHI:    1. 'Microsoft Basic Render Driver' (Feature Level 11_0)
[2019.12.28-13.36.55:369][  0]LogD3D11RHI:       0/0/8151 MB DedicatedVideo/DedicatedSystem/SharedSystem, Outputs:0, VendorId:0x1414
[2019.12.28-13.36.55:369][  0]LogD3D11RHI: Chosen D3D11 Adapter: 0
[2019.12.28-13.36.55:376][  0]LogD3D11RHI: Creating new Direct3DDevice
[2019.12.28-13.36.55:376][  0]LogD3D11RHI:     GPU DeviceId: 0x2191 (for the marketing name, search the web for "GPU Device Id")
[2019.12.28-13.36.55:376][  0]LogWindows: EnumDisplayDevices:
[2019.12.28-13.36.55:376][  0]LogWindows:    0. 'NVIDIA GeForce GTX 1660 Ti' (P:1 D:1)
[2019.12.28-13.36.55:377][  0]LogWindows:    1. 'NVIDIA GeForce GTX 1660 Ti' (P:0 D:1)
[2019.12.28-13.36.55:377][  0]LogWindows:    2. 'NVIDIA GeForce GTX 1660 Ti' (P:0 D:0)
[2019.12.28-13.36.55:377][  0]LogWindows:    3. 'NVIDIA GeForce GTX 1660 Ti' (P:0 D:0)
[2019.12.28-13.36.55:377][  0]LogWindows: DebugString: FoundDriverCount:4 
[2019.12.28-13.36.55:377][  0]LogD3D11RHI:     Adapter Name: NVIDIA GeForce GTX 1660 Ti
[2019.12.28-13.36.55:377][  0]LogD3D11RHI:   Driver Version: 431.65 (internal:26.21.14.3165, unified:431.65)
[2019.12.28-13.36.55:377][  0]LogD3D11RHI:      Driver Date: 7-22-2019
[2019.12.28-13.36.55:377][  0]LogRHI: Texture pool is 4193 MB (70% of 5991 MB)
[2019.12.28-13.36.55:417][  0]LogD3D11RHI: Async texture creation enabled
[2019.12.28-13.36.55:428][  0]LogD3D11RHI: GPU Timing Frequency: 1000.000000 (Debug: 2 1)
[2019.12.28-13.36.55:889][  0]LogTemp: Display: Module 'AllDesktopTargetPlatform' loaded TargetPlatform 'AllDesktop'
[2019.12.28-13.36.55:895][  0]LogTemp: Display: Module 'MacClientTargetPlatform' loaded TargetPlatform 'MacClient'
[2019.12.28-13.36.55:901][  0]LogTemp: Display: Module 'MacNoEditorTargetPlatform' loaded TargetPlatform 'MacNoEditor'
[2019.12.28-13.36.55:908][  0]LogTemp: Display: Module 'MacServerTargetPlatform' loaded TargetPlatform 'MacServer'
[2019.12.28-13.36.55:914][  0]LogTemp: Display: Module 'MacTargetPlatform' loaded TargetPlatform 'Mac'
[2019.12.28-13.36.55:920][  0]LogTemp: Display: Module 'WindowsClientTargetPlatform' loaded TargetPlatform 'WindowsClient'
[2019.12.28-13.36.55:927][  0]LogTemp: Display: Module 'WindowsNoEditorTargetPlatform' loaded TargetPlatform 'WindowsNoEditor'
[2019.12.28-13.36.55:934][  0]LogTemp: Display: Module 'WindowsServerTargetPlatform' loaded TargetPlatform 'WindowsServer'
[2019.12.28-13.36.55:937][  0]LogTemp: Display: Module 'WindowsTargetPlatform' loaded TargetPlatform 'Windows'
[2019.12.28-13.36.55:961][  0]LogTemp: Display: Module 'AndroidTargetPlatform' loaded TargetPlatform 'Android'
[2019.12.28-13.36.55:961][  0]LogTemp: Display: Module 'AndroidTargetPlatform' loaded TargetPlatform 'Android_ASTC'
[2019.12.28-13.36.55:961][  0]LogTemp: Display: Module 'AndroidTargetPlatform' loaded TargetPlatform 'Android_ATC'
[2019.12.28-13.36.55:961][  0]LogTemp: Display: Module 'AndroidTargetPlatform' loaded TargetPlatform 'Android_DXT'
[2019.12.28-13.36.55:962][  0]LogTemp: Display: Module 'AndroidTargetPlatform' loaded TargetPlatform 'Android_ETC1'
[2019.12.28-13.36.55:962][  0]LogTemp: Display: Module 'AndroidTargetPlatform' loaded TargetPlatform 'Android_ETC1a'
[2019.12.28-13.36.55:962][  0]LogTemp: Display: Module 'AndroidTargetPlatform' loaded TargetPlatform 'Android_ETC2'
[2019.12.28-13.36.55:962][  0]LogTemp: Display: Module 'AndroidTargetPlatform' loaded TargetPlatform 'Android_PVRTC'
[2019.12.28-13.36.55:962][  0]LogTemp: Display: Module 'AndroidTargetPlatform' loaded TargetPlatform 'AndroidClient'
[2019.12.28-13.36.55:962][  0]LogTemp: Display: Module 'AndroidTargetPlatform' loaded TargetPlatform 'Android_ASTCClient'
[2019.12.28-13.36.55:962][  0]LogTemp: Display: Module 'AndroidTargetPlatform' loaded TargetPlatform 'Android_ATCClient'
[2019.12.28-13.36.55:962][  0]LogTemp: Display: Module 'AndroidTargetPlatform' loaded TargetPlatform 'Android_DXTClient'
[2019.12.28-13.36.55:962][  0]LogTemp: Display: Module 'AndroidTargetPlatform' loaded TargetPlatform 'Android_ETC1Client'
[2019.12.28-13.36.55:962][  0]LogTemp: Display: Module 'AndroidTargetPlatform' loaded TargetPlatform 'Android_ETC1aClient'
[2019.12.28-13.36.55:962][  0]LogTemp: Display: Module 'AndroidTargetPlatform' loaded TargetPlatform 'Android_ETC2Client'
[2019.12.28-13.36.55:962][  0]LogTemp: Display: Module 'AndroidTargetPlatform' loaded TargetPlatform 'Android_PVRTCClient'
[2019.12.28-13.36.55:962][  0]LogTemp: Display: Module 'AndroidTargetPlatform' loaded TargetPlatform 'Android_Multi'
[2019.12.28-13.36.55:962][  0]LogTemp: Display: Module 'AndroidTargetPlatform' loaded TargetPlatform 'Android_MultiClient'
[2019.12.28-13.36.55:963][  0]LogTemp: Display: Module 'HTML5TargetPlatform' loaded TargetPlatform 'HTML5'
[2019.12.28-13.36.55:976][  0]LogTemp: Display: Module 'IOSTargetPlatform' loaded TargetPlatform 'IOSClient'
[2019.12.28-13.36.55:977][  0]LogTemp: Display: Module 'IOSTargetPlatform' loaded TargetPlatform 'IOS'
[2019.12.28-13.36.55:988][  0]LogTemp: Display: Module 'TVOSTargetPlatform' loaded TargetPlatform 'TVOSClient'
[2019.12.28-13.36.55:988][  0]LogTemp: Display: Module 'TVOSTargetPlatform' loaded TargetPlatform 'TVOS'
[2019.12.28-13.36.55:994][  0]LogTemp: Display: Module 'LinuxClientTargetPlatform' loaded TargetPlatform 'LinuxClient'
[2019.12.28-13.36.55:999][  0]LogTemp: Display: Module 'LinuxNoEditorTargetPlatform' loaded TargetPlatform 'LinuxNoEditor'
[2019.12.28-13.36.56:005][  0]LogTemp: Display: Module 'LinuxServerTargetPlatform' loaded TargetPlatform 'LinuxServer'
[2019.12.28-13.36.56:011][  0]LogTemp: Display: Module 'LinuxTargetPlatform' loaded TargetPlatform 'Linux'
[2019.12.28-13.36.56:029][  0]LogTemp: Display: Module 'LuminTargetPlatform' loaded TargetPlatform 'Lumin'
[2019.12.28-13.36.56:030][  0]LogTemp: Display: Module 'LuminTargetPlatform' loaded TargetPlatform 'LuminClient'
[2019.12.28-13.36.56:030][  0]LogTargetPlatformManager: Display: Building Assets For Windows
[2019.12.28-13.36.56:036][  0]LogAudioDebug: Display: Lib vorbis DLL was dynamically loaded.
[2019.12.28-13.36.56:070][  0]LogShaderCompilers: Guid format shader working directory is -30 characters bigger than the processId version (C:/Users/adity/OneDrive/Documents/GitHub/Unreal_Project/B_VR_Wedding_Set_01/Intermediate/Shaders/WorkingDirectory/21596/).
[2019.12.28-13.36.56:070][  0]LogShaderCompilers: Cleaned the shader compiler working directory 'C:/Users/adity/AppData/Local/Temp/UnrealShaderWorkingDir/9707B3F64FD71FA40D916AB5456F8DB7/'.
[2019.12.28-13.36.56:071][  0]LogXGEController: Cannot use XGE Controller as Incredibuild is not installed on this machine.
[2019.12.28-13.36.56:072][  0]LogShaderCompilers: Cannot use XGE Shader Compiler as Incredibuild is not installed on this machine.
[2019.12.28-13.36.56:072][  0]LogShaderCompilers: Display: Using Local Shader Compiler.
[2019.12.28-13.36.56:607][  0]LogDerivedDataCache: Display: Max Cache Size: 512 MB
[2019.12.28-13.36.56:666][  0]LogDerivedDataCache: Loaded boot cache 0.06s 96MB C:/Users/adity/AppData/Local/UnrealEngine/4.23/DerivedDataCache/Boot.ddc.
[2019.12.28-13.36.56:666][  0]LogDerivedDataCache: Display: Loaded Boot cache: C:/Users/adity/AppData/Local/UnrealEngine/4.23/DerivedDataCache/Boot.ddc
[2019.12.28-13.36.56:666][  0]LogDerivedDataCache: FDerivedDataBackendGraph:  Pak pak cache file C:/Users/adity/OneDrive/Documents/GitHub/Unreal_Project/B_VR_Wedding_Set_01/DerivedDataCache/DDC.ddp not found, will not use a pak cache.
[2019.12.28-13.36.56:666][  0]LogDerivedDataCache: Unable to find inner node Pak for hierarchical cache Hierarchy.
[2019.12.28-13.36.56:666][  0]LogDerivedDataCache: FDerivedDataBackendGraph:  CompressedPak pak cache file C:/Users/adity/OneDrive/Documents/GitHub/Unreal_Project/B_VR_Wedding_Set_01/DerivedDataCache/Compressed.ddp not found, will not use a pak cache.
[2019.12.28-13.36.56:666][  0]LogDerivedDataCache: Unable to find inner node CompressedPak for hierarchical cache Hierarchy.
[2019.12.28-13.36.56:676][  0]LogDerivedDataCache: Display: Pak cache opened for reading ../../../Engine/DerivedDataCache/Compressed.ddp.
[2019.12.28-13.36.56:678][  0]LogDerivedDataCache: Display: Pak cache opened for reading ../../../Enterprise/DerivedDataCache/Compressed.ddp.
[2019.12.28-13.36.56:679][  0]LogDerivedDataCache: Using Local data cache path C:/Users/adity/AppData/Local/UnrealEngine/Common/DerivedDataCache: Writable
[2019.12.28-13.36.56:679][  0]LogDerivedDataCache: Shared data cache path not found in *engine.ini, will not use an Shared cache.
[2019.12.28-13.36.56:679][  0]LogDerivedDataCache: Unable to find inner node Shared for hierarchical cache Hierarchy.
[2019.12.28-13.36.56:701][  0]LogMaterial: Verifying Global Shaders for PCD3D_SM5
[2019.12.28-13.36.56:704][  0]LogSlate: Using FreeType 2.6.0
[2019.12.28-13.36.56:704][  0]LogSlate: SlateFontServices - WITH_FREETYPE: 1, WITH_HARFBUZZ: 1
[2019.12.28-13.36.56:752][  0]LogAssetRegistry: FAssetRegistry took 0.0022 seconds to start up
[2019.12.28-13.36.57:019][  0]LogInit: Selected Device Profile: [Windows]
[2019.12.28-13.36.57:144][  0]LogMeshReduction: Using QuadricMeshReduction for automatic static mesh reduction
[2019.12.28-13.36.57:144][  0]LogMeshReduction: Using SimplygonMeshReduction for automatic skeletal mesh reduction
[2019.12.28-13.36.57:144][  0]LogMeshReduction: Using ProxyLODMeshReduction for automatic mesh merging
[2019.12.28-13.36.57:144][  0]LogMeshReduction: No distributed automatic mesh merging module available
[2019.12.28-13.36.57:144][  0]LogMeshMerging: No distributed automatic mesh merging module available
[2019.12.28-13.36.57:152][  0]LogNetVersion: B_VR_Wedding_Set_01 1.0.0, NetCL: 8386587, EngineNetVer: 11, GameNetVer: 0 (Checksum: 3540923302)
[2019.12.28-13.36.57:282][  0]LogPackageName: Error: DoesPackageExist: DoesPackageExist FAILED: '/VirtualProductionUtilities/VR/VirtualScoutingTeleporter' is not a standard unreal filename or a long path name. Reason: Path does not start with a valid root. Path must begin with: '/Engine/', '/Game/', '/Paper2D/', '/AnimationSharing/', '/ConcertSyncClient/', '/CryptoKeys/', '/CurveEditorTools/', '/MeshEditor/', '/DatasmithContent/', '/AutomationUtils/', '/ChaosSolverPlugin/', '/DataPrepEditor/', '/GeometryCollectionPlugin/', '/MagicLeap/', '/MediaCompositing/', '/OculusVR/', '/SteamVR/', '/MDLImporter/', '/StaticMeshEditorExtension/', '/Config/', '/Script/', '/Memory/', or '/Temp/'
[2019.12.28-13.36.57:282][  0]LogLinker: Failed to load '/VirtualProductionUtilities/VR/VirtualScoutingTeleporter': Can't find file.
[2019.12.28-13.36.57:282][  0]LogPackageName: Error: DoesPackageExist: DoesPackageExist FAILED: '/VirtualProductionUtilities/VR/VirtualScoutingTeleporter' is not a standard unreal filename or a long path name. Reason: Path does not start with a valid root. Path must begin with: '/Engine/', '/Game/', '/Paper2D/', '/AnimationSharing/', '/ConcertSyncClient/', '/CryptoKeys/', '/CurveEditorTools/', '/MeshEditor/', '/DatasmithContent/', '/AutomationUtils/', '/ChaosSolverPlugin/', '/DataPrepEditor/', '/GeometryCollectionPlugin/', '/MagicLeap/', '/MediaCompositing/', '/OculusVR/', '/SteamVR/', '/MDLImporter/', '/StaticMeshEditorExtension/', '/Config/', '/Script/', '/Memory/', or '/Temp/'
[2019.12.28-13.36.57:282][  0]LogLinker: Failed to load '/VirtualProductionUtilities/VR/VirtualScoutingTeleporter': Can't find file.
[2019.12.28-13.36.57:311][  0]LogClass: Warning: In asset 'None', there is an enum property of type 'EDepthOfFieldMethod' with an invalid value of '('
[2019.12.28-13.36.57:541][  0]LogPackageLocalizationCache: Processed 19 localized package path(s) for 1 prioritized culture(s) in 0.046253 seconds
[2019.12.28-13.36.57:546][  0]LogUObjectArray: 43445 objects as part of root set at end of initial load.
[2019.12.28-13.36.57:546][  0]LogUObjectAllocator: 7548856 out of 0 bytes used by permanent object pool.
[2019.12.28-13.36.57:546][  0]LogUObjectArray: CloseDisregardForGC: 0/0 objects in disregard for GC pool
[2019.12.28-13.36.58:271][  0]LogTcpMessaging: Initializing TcpMessaging bridge
[2019.12.28-13.36.58:274][  0]LogUdpMessaging: Initializing bridge on interface 0.0.0.0:0 to multicast group 230.0.0.1:6666.
[2019.12.28-13.36.58:383][  0]SourceControl: Source control is disabled
[2019.12.28-13.36.58:383][  0]SourceControl: Source control is disabled
[2019.12.28-13.36.58:384][  0]SourceControl: Source control is disabled
[2019.12.28-13.36.58:385][  0]SourceControl: Source control is disabled
[2019.12.28-13.36.58:515][  0]LogAndroidPermission: UAndroidPermissionCallbackProxy::GetInstance
[2019.12.28-13.36.58:641][  0]LogOcInput: OculusInput pre-init called
[2019.12.28-13.37.02:882][  0]LogEngine: Initializing Engine...
[2019.12.28-13.37.02:903][  0]LogHMD: Failed to initialize OpenVR with code 126
[2019.12.28-13.37.02:904][  0]LogStats: UGameplayTagsManager::InitializeManager -  0.000 s
[2019.12.28-13.37.03:119][  0]LogInit: Initializing FReadOnlyCVARCache
[2019.12.28-13.37.03:128][  0]LogAIModule: Creating AISystem for world Untitled
[2019.12.28-13.37.03:223][  0]LogInit: XAudio2 using 'Speakers (Realtek(R) Audio)' : 2 channels at 48 kHz using 32 bits per sample (channel mask 0x3)
[2019.12.28-13.37.03:250][  0]LogInit: FAudioDevice initialized.
[2019.12.28-13.37.03:251][  0]LogNetVersion: Set ProjectVersion to 1.0.0.0. Version Checksum will be recalculated on next use.
[2019.12.28-13.37.03:305][  0]LogDerivedDataCache: Saved boot cache 0.05s 105MB C:/Users/adity/AppData/Local/UnrealEngine/4.23/DerivedDataCache/Boot.ddc.
[2019.12.28-13.37.03:311][  0]LogInit: Texture streaming: Enabled
[2019.12.28-13.37.03:323][  0]LogEngineSessionManager: EngineSessionManager initialized
[2019.12.28-13.37.03:323][  0]LogEditorSessionSummary: Verbose: Initializing EditorSessionSummaryWriter for editor session tracking
[2019.12.28-13.37.03:324][  0]LogEditorSessionSummary: EditorSessionSummaryWriter initialized
[2019.12.28-13.37.03:359][  0]LogInit: Transaction tracking system initialized
[2019.12.28-13.37.03:379][  0]BlueprintLog: New page: Editor Load
[2019.12.28-13.37.03:431][  0]LocalizationService: Localization service is disabled
[2019.12.28-13.37.03:632][  0]LogPackageName: Error: DoesPackageExist: DoesPackageExist FAILED: '/VirtualProductionUtilities/VR/VirtualScoutingTeleporter' is not a standard unreal filename or a long path name. Reason: Path does not start with a valid root. Path must begin with: '/Engine/', '/Game/', '/Paper2D/', '/AnimationSharing/', '/ConcertSyncClient/', '/CryptoKeys/', '/CurveEditorTools/', '/MeshEditor/', '/DatasmithContent/', '/AutomationUtils/', '/ChaosSolverPlugin/', '/DataPrepEditor/', '/GeometryCollectionPlugin/', '/MagicLeap/', '/MediaCompositing/', '/OculusVR/', '/SteamVR/', '/MDLImporter/', '/StaticMeshEditorExtension/', '/DataprepEditor/Transient/', '/Config/', '/Script/', '/Memory/', or '/Temp/'
[2019.12.28-13.37.03:639][  0]LogCook: Display: Max memory allowance for cook 16384mb min free memory 0mb
[2019.12.28-13.37.03:639][  0]LogCook: Display: Mobile HDR setting 1
[2019.12.28-13.37.03:922][  0]LogFileCache: Scanning file cache for directory 'C:/Users/adity/OneDrive/Documents/GitHub/Unreal_Project/B_VR_Wedding_Set_01/Content/' took 0.02s
[2019.12.28-13.37.04:890][  0]SourceControl: Source control is disabled
[2019.12.28-13.37.04:890][  0]Cmd: MAP LOAD FILE="C:/Users/adity/OneDrive/Documents/GitHub/Unreal_Project/B_VR_Wedding_Set_01/Content/VirtualRealityBP/Maps/StartupMap.umap" TEMPLATE=0 SHOWPROGRESS=1 FEATURELEVEL=3
[2019.12.28-13.37.04:891][  0]LightingResults: New page: Lighting Build
[2019.12.28-13.37.04:893][  0]LogWorld: UWorld::CleanupWorld for Untitled, bSessionEnded=true, bCleanupResources=true
[2019.12.28-13.37.04:893][  0]MapCheck: New page: Map Check
[2019.12.28-13.37.04:893][  0]LightingResults: New page: Lighting Build
[2019.12.28-13.37.04:922][  0]LogUObjectHash: Compacting FUObjectHashTables data took   1.75ms
[2019.12.28-13.37.05:258][  0]LogBlueprint: Warning: [Compiler Measure_Tool_Simple] Set Text (String) : Usage of 'Set Text (String)' has been deprecated. Use the SetText function taking an FText instead.
[2019.12.28-13.37.05:258][  0]LogBlueprint: Warning: [Compiler Measure_Tool_Simple] Set Text (String) : Usage of 'Set Text (String)' has been deprecated. Use the SetText function taking an FText instead.
[2019.12.28-13.37.05:258][  0]LogBlueprint: Warning: [Compiler Measure_Tool_Simple] Set Text (String) : Usage of 'Set Text (String)' has been deprecated. Use the SetText function taking an FText instead.
[2019.12.28-13.37.05:258][  0]LogBlueprint: Warning: [Compiler Measure_Tool_Simple] Set Text (String) : Usage of 'Set Text (String)' has been deprecated. Use the SetText function taking an FText instead.
[2019.12.28-13.37.05:268][  0]LogBlueprint: Warning: [Compiler Measure_Tool_Spline] Set Text (String) : Usage of 'Set Text (String)' has been deprecated. Use the SetText function taking an FText instead.
[2019.12.28-13.37.05:268][  0]LogBlueprint: Warning: [Compiler Measure_Tool_Spline] Set Text (String) : Usage of 'Set Text (String)' has been deprecated. Use the SetText function taking an FText instead.
[2019.12.28-13.37.05:268][  0]LogBlueprint: Warning: [Compiler Measure_Tool_Spline] Set Text (String) : Usage of 'Set Text (String)' has been deprecated. Use the SetText function taking an FText instead.
[2019.12.28-13.37.05:268][  0]LogBlueprint: Warning: [Compiler Measure_Tool_Spline] Set Text (String) : Usage of 'Set Text (String)' has been deprecated. Use the SetText function taking an FText instead.
[2019.12.28-13.37.09:765][  0]LogTexture: Display: Building textures: grass4 (AutoDXT, 256X1024)
[2019.12.28-13.37.09:766][  0]LogTexture: Display: Building textures: grass4_NRM (AutoDXT, 256X1024)
[2019.12.28-13.37.09:766][  0]LogTexture: Display: Building textures: petal34_NRM (AutoDXT, 1024X1024)
[2019.12.28-13.37.09:766][  0]LogTexture: Display: Building textures: grass110_NRM (AutoDXT, 256X1024)
[2019.12.28-13.37.09:766][  0]LogTexture: Display: Building textures: grass109_NRM (AutoDXT, 256X1024)
[2019.12.28-13.37.09:766][  0]LogTexture: Display: Building textures: petal26_NRM (AutoDXT, 1024X1024)
[2019.12.28-13.37.09:766][  0]LogTexture: Display: Building textures: petal25_NRM (AutoDXT, 1024X1024)
[2019.12.28-13.37.09:766][  0]LogTexture: Display: Building textures: petal17_NRM (AutoDXT, 1024X1024)
[2019.12.28-13.37.09:766][  0]LogStaticMesh: Building static mesh Group_2...
[2019.12.28-13.37.10:166][  0]LogStaticMesh: Built static mesh [0.39s] /Game/Assets/DataSmith_Dome2/dome2222/Geometries/Group_2.Group_2
[2019.12.28-13.37.10:167][  0]LogStaticMesh: Building static mesh Group_10_2...
[2019.12.28-13.37.10:187][  0]LogStaticMesh: Built static mesh [0.02s] /Game/Assets/DataSmith_Dome2/dome2222/Geometries/Group_10_2.Group_10_2
[2019.12.28-13.37.10:190][  0]LogStaticMesh: Building static mesh Group_10...
[2019.12.28-13.37.10:210][  0]LogStaticMesh: Built static mesh [0.02s] /Game/Assets/DataSmith_Dome2/dome2222/Geometries/Group_10.Group_10
[2019.12.28-13.37.10:213][  0]LogStaticMesh: Building static mesh Group_8...
[2019.12.28-13.37.10:219][  0]LogStaticMesh: Built static mesh [0.01s] /Game/Assets/DataSmith_Back_Arches/4arches_back_pillar/Geometries/Group_8.Group_8
[2019.12.28-13.37.10:221][  0]LogStaticMesh: Building static mesh SketchUp_Model...
[2019.12.28-13.37.10:251][  0]LogStaticMesh: Built static mesh [0.03s] /Game/Assets/DataSmith_Dome2/dome2222/Geometries/SketchUp_Model.SketchUp_Model
[2019.12.28-13.37.10:255][  0]LogStaticMesh: Building static mesh Group_9...
[2019.12.28-13.37.10:262][  0]LogStaticMesh: Built static mesh [0.01s] /Game/Assets/DataSmith_Dome2/dome2222/Geometries/Group_9.Group_9
[2019.12.28-13.37.10:264][  0]LogStaticMesh: Building static mesh Group_5...
[2019.12.28-13.37.10:268][  0]LogStaticMesh: Built static mesh [0.00s] /Game/Assets/DataSmith_Dome2/dome2222/Geometries/Group_5.Group_5
[2019.12.28-13.37.10:269][  0]LogStaticMesh: Building static mesh Group_4...
[2019.12.28-13.37.10:270][  0]LogStaticMesh: Built static mesh [0.00s] /Game/Assets/DataSmith_Dome2/dome2222/Geometries/Group_4.Group_4
[2019.12.28-13.37.10:271][  0]LogStaticMesh: Building static mesh Group_3...
[2019.12.28-13.37.10:314][  0]LogStaticMesh: Built static mesh [0.04s] /Game/Assets/DataSmith_Dome2/dome2222/Geometries/Group_3.Group_3
[2019.12.28-13.37.10:319][  0]LogStaticMesh: Building static mesh Group_4...
[2019.12.28-13.37.10:320][  0]LogStaticMesh: Built static mesh [0.00s] /Game/Assets/DataSmith_FrameSquare/frame_square/Geometries/Group_4.Group_4
[2019.12.28-13.37.10:321][  0]LogStaticMesh: Building static mesh Group_3...
[2019.12.28-13.37.10:366][  0]LogStaticMesh: Built static mesh [0.05s] /Game/Assets/DataSmith_FrameSquare/frame_square/Geometries/Group_3.Group_3
[2019.12.28-13.37.10:375][  0]LogStaticMesh: Building static mesh Group_2...
[2019.12.28-13.37.10:380][  0]LogStaticMesh: Built static mesh [0.01s] /Game/Assets/DataSmith_FrameSquare/frame_square/Geometries/Group_2.Group_2
[2019.12.28-13.37.10:381][  0]LogStaticMesh: Building static mesh SketchUp_Model_4...
[2019.12.28-13.37.10:382][  0]LogStaticMesh: Built static mesh [0.00s] /Game/Assets/DataSmith_Dome2/dome2222/Geometries/SketchUp_Model_4.SketchUp_Model_4
[2019.12.28-13.37.10:382][  0]LogStaticMesh: Building static mesh SketchUp_Model_3...
[2019.12.28-13.37.10:411][  0]LogStaticMesh: Built static mesh [0.03s] /Game/Assets/DataSmith_Dome2/dome2222/Geometries/SketchUp_Model_3.SketchUp_Model_3
[2019.12.28-13.37.10:415][  0]LogStaticMesh: Building static mesh SketchUp_Model_2...
[2019.12.28-13.37.10:451][  0]LogStaticMesh: Built static mesh [0.04s] /Game/Assets/DataSmith_Dome2/dome2222/Geometries/SketchUp_Model_2.SketchUp_Model_2
[2019.12.28-13.37.10:462][  0]LogStaticMesh: Building static mesh Group_5...
[2019.12.28-13.37.10:466][  0]LogStaticMesh: Built static mesh [0.00s] /Game/Assets/DataSmith_FrameSquare/frame_square/Geometries/Group_5.Group_5
[2019.12.28-13.37.10:856][  0]LogMaterial: Display: Missing cached shader map for material Leaf, compiling. 
[2019.12.28-13.37.11:299][  0]LogShaderCompilers: Display: Worker (1/9): shaders left to compile 101
[2019.12.28-13.37.11:299][  0]LogShaderCompilers: Display: Worker (2/9): shaders left to compile 91
[2019.12.28-13.37.11:299][  0]LogShaderCompilers: Display: Worker (3/9): shaders left to compile 81
[2019.12.28-13.37.11:299][  0]LogShaderCompilers: Display: Worker (4/9): shaders left to compile 71
[2019.12.28-13.37.11:299][  0]LogShaderCompilers: Display: Worker (5/9): shaders left to compile 61
[2019.12.28-13.37.11:299][  0]LogShaderCompilers: Display: Worker (6/9): shaders left to compile 51
[2019.12.28-13.37.11:299][  0]LogShaderCompilers: Display: Worker (7/9): shaders left to compile 41
[2019.12.28-13.37.11:299][  0]LogShaderCompilers: Display: Worker (8/9): shaders left to compile 31
[2019.12.28-13.37.11:299][  0]LogShaderCompilers: Display: Worker (9/9): shaders left to compile 21
[2019.12.28-13.37.11:299][  0]LogMaterial: Display: Missing cached shader map for material Stem, compiling. 
[2019.12.28-13.37.11:396][  0]LogMaterial: Display: Missing cached shader map for material 1coreopsi_Petiole, compiling. 
[2019.12.28-13.37.11:425][  0]LogMaterial: Display: Missing cached shader map for material 1coreopsi_Leaf, compiling. 
[2019.12.28-13.37.11:455][  0]LogMaterial: Display: Missing cached shader map for material 1coreopsi_Intrnd, compiling. 
[2019.12.28-13.37.11:478][  0]LogMaterial: Display: Missing cached shader map for material 1coreopsi_1stPetiole, compiling. 
[2019.12.28-13.37.11:503][  0]LogMaterial: Display: Missing cached shader map for material 1coreopsi_1stLeaf, compiling. 
[2019.12.28-13.37.11:527][  0]LogMaterial: Display: Missing cached shader map for material 1coreopsi_1Petal1, compiling. 
[2019.12.28-13.37.11:549][  0]LogMaterial: Display: Missing cached shader map for material 1coreopsi_1Pdncle, compiling. 
[2019.12.28-13.37.11:571][  0]LogMaterial: Display: Missing cached shader map for material 1coreopsi_1Pdcel, compiling. 
[2019.12.28-13.37.11:593][  0]LogMaterial: Display: Missing cached shader map for material 1coreopsi_1InfInt, compiling. 
[2019.12.28-13.37.11:639][  0]LogMaterial: Display: Missing cached shader map for material Stigma_wild, compiling. 
[2019.12.28-13.37.11:663][  0]LogMaterial: Display: Missing cached shader map for material Stigma_flower_patch, compiling. 
[2019.12.28-13.37.11:687][  0]LogMaterial: Display: Missing cached shader map for material Stem_flower_patch, compiling. 
[2019.12.28-13.37.11:711][  0]LogMaterial: Display: Missing cached shader map for material Petal_wild, compiling. 
[2019.12.28-13.37.11:738][  0]LogMaterial: Display: Missing cached shader map for material Petal_flower_patch, compiling. 
[2019.12.28-13.37.11:765][  0]LogMaterial: Display: Missing cached shader map for material Leaf_wild, compiling. 
[2019.12.28-13.37.11:790][  0]LogMaterial: Display: Missing cached shader map for material Leaf_flower_patch, compiling. 
[2019.12.28-13.37.12:057][  0]LoadErrors: Warning: Linear color curves now accurately handle RGB values > 1. If you were relying on HSV clamping, please update Curve_GoodSky_horizon_Color
[2019.12.28-13.37.12:854][  0]LoadErrors: Warning: Linear color curves now accurately handle RGB values > 1. If you were relying on HSV clamping, please update Curve_GoodSky_DomeColor
[2019.12.28-13.37.12:854][  0]LoadErrors: Warning: Linear color curves now accurately handle RGB values > 1. If you were relying on HSV clamping, please update Curve_GoodSky_AllOverlayColor
[2019.12.28-13.37.12:854][  0]LoadErrors: Warning: Linear color curves now accurately handle RGB values > 1. If you were relying on HSV clamping, please update Curve_GoodSky_BaseCloudColor
[2019.12.28-13.37.13:181][  0]LogAIModule: Creating AISystem for world StartupMap
[2019.12.28-13.37.14:614][  0]LogEditorServer: Finished looking for orphan Actors (0.003 secs)
[2019.12.28-13.37.15:346][  0]LogUObjectHash: Compacting FUObjectHashTables data took  10.59ms
[2019.12.28-13.37.15:347][  0]Cmd: MAP CHECKDEP NOCLEARLOG
[2019.12.28-13.37.15:350][  0]MapCheck: Map check complete: 0 Error(s), 0 Warning(s), took 3.303ms to complete.
[2019.12.28-13.37.15:350][  0]LogFileHelpers: Loading map 'StartupMap' took 10.460
[2019.12.28-13.37.15:582][  0]LogSlate: Updating window title bar state: overlay mode, drag disabled, window buttons hidden, title bar hidden
[2019.12.28-13.37.15:599][  0]LogSlate: Updating window title bar state: overlay mode, drag disabled, window buttons hidden, title bar hidden
[2019.12.28-13.37.15:616][  0]LogSlate: Updating window title bar state: overlay mode, drag disabled, window buttons hidden, title bar hidden
[2019.12.28-13.37.15:634][  0]LogSlate: Updating window title bar state: overlay mode, drag disabled, window buttons hidden, title bar hidden
[2019.12.28-13.37.15:641][  0]LogCollectionManager: Loaded 0 collections in 0.001271 seconds
[2019.12.28-13.37.15:654][  0]LogFileCache: Scanning file cache for directory 'C:/Users/adity/OneDrive/Documents/GitHub/Unreal_Project/B_VR_Wedding_Set_01/Saved/Collections/' took 0.00s
[2019.12.28-13.37.15:654][  0]LogFileCache: Scanning file cache for directory 'C:/Users/adity/OneDrive/Documents/GitHub/Unreal_Project/B_VR_Wedding_Set_01/Content/Developers/adity/Collections/' took 0.00s
[2019.12.28-13.37.15:654][  0]LogFileCache: Scanning file cache for directory 'C:/Users/adity/OneDrive/Documents/GitHub/Unreal_Project/B_VR_Wedding_Set_01/Content/Collections/' took 0.00s
[2019.12.28-13.37.15:654][  0]LogCollectionManager: Rebuilt the GUID cache for 0 collections in 0.000003 seconds
[2019.12.28-13.37.15:668][  0]LogContentBrowser: Native class hierarchy populated in 0.0142 seconds. Added 3055 classes and 782 folders.
[2019.12.28-13.37.15:678][  0]LogContentBrowser: Native class hierarchy updated for 'WidgetCarousel' in 0.0003 seconds. Added 0 classes and 0 folders.
[2019.12.28-13.37.15:738][  0]LogShaderCompilers: Display: Worker (1/9): shaders left to compile 802
[2019.12.28-13.37.15:738][  0]LogShaderCompilers: Display: Worker (4/9): shaders left to compile 792
[2019.12.28-13.37.15:738][  0]LogContentBrowser: Native class hierarchy updated for 'AddContentDialog' in 0.0003 seconds. Added 0 classes and 0 folders.
[2019.12.28-13.37.15:741][  0]LogContentBrowser: Native class hierarchy updated for 'SceneOutliner' in 0.0003 seconds. Added 1 classes and 0 folders.
[2019.12.28-13.37.15:786][  0]LogSlate: Took 0.000149 seconds to synchronously load lazily loaded font '../../../Engine/Content/Slate/Fonts/Roboto-Regular.ttf' (155K)
[2019.12.28-13.37.15:789][  0]LogSlate: Took 0.000198 seconds to synchronously load lazily loaded font '../../../Engine/Content/Slate/Fonts/Roboto-Bold.ttf' (160K)
[2019.12.28-13.37.15:795][  0]LogSlate: Took 0.000184 seconds to synchronously load lazily loaded font '../../../Engine/Content/Editor/Slate/Fonts/FontAwesome.ttf' (139K)
[2019.12.28-13.37.15:895][  0]LogRenderer: Reallocating scene render targets to support 1208x580 Format 26 NumSamples 1 (Frame:1).
[2019.12.28-13.37.16:273][  0]LogShaderCompilers: Display: Worker (9/9): shaders left to compile 782
[2019.12.28-13.37.16:273][  0]LogShaderCompilers: Display: Worker (6/9): shaders left to compile 772
[2019.12.28-13.37.16:273][  0]LogSlate: Took 0.000173 seconds to synchronously load lazily loaded font '../../../Engine/Content/Slate/Fonts/Roboto-Light.ttf' (167K)
[2019.12.28-13.37.16:413][  0]LogContentBrowser: Native class hierarchy updated for 'HierarchicalLODOutliner' in 0.0004 seconds. Added 0 classes and 0 folders.
[2019.12.28-13.37.16:414][  0]LogLoad: (Engine Initialization) Total time: 35.68 seconds
[2019.12.28-13.37.16:414][  0]LogLoad: (Engine Initialization) Total Blueprint compile time: 0.00 seconds
[2019.12.28-13.37.16:666][  0]LogContentStreaming: Texture pool size now 800 MB
[2019.12.28-13.37.16:694][  0]LogSlate: FSceneViewport::OnFocusLost() reason 5
[2019.12.28-13.37.17:170][  2]LogAssetRegistry: Asset discovery search completed in 20.4187 seconds
[2019.12.28-13.37.17:177][  2]LogCollectionManager: Rebuilt the object cache for 0 collections in 0.000009 seconds (found 0 objects)
[2019.12.28-13.37.17:177][  2]LogCollectionManager: Fixed up redirectors for 0 collections in 0.000106 seconds (updated 0 objects)
[2019.12.28-13.37.17:255][  3]LogShaderCompilers: Display: Worker (8/9): shaders left to compile 762
[2019.12.28-13.37.17:644][ 13]LogShaderCompilers: Display: Worker (7/9): shaders left to compile 752
[2019.12.28-13.37.18:005][ 23]LogShaderCompilers: Display: Worker (3/9): shaders left to compile 742
[2019.12.28-13.37.18:207][ 31]LogShaderCompilers: Display: Worker (2/9): shaders left to compile 732
[2019.12.28-13.37.19:027][ 79]LogShaderCompilers: Display: Worker (5/9): shaders left to compile 722
[2019.12.28-13.37.19:205][ 88]LogShaderCompilers: Display: Worker (4/9): shaders left to compile 712
[2019.12.28-13.37.19:817][118]LogShaderCompilers: Display: Worker (6/9): shaders left to compile 702
[2019.12.28-13.37.19:857][120]LogSlate: Window 'Message Log' being destroyed
[2019.12.28-13.37.19:861][120]LogSlate: Window 'Message Log' being destroyed
[2019.12.28-13.37.21:994][206]LogShaderCompilers: Display: Worker (7/9): shaders left to compile 692
[2019.12.28-13.37.22:192][214]LogShaderCompilers: Display: Worker (1/9): shaders left to compile 682
[2019.12.28-13.37.23:584][267]LogShaderCompilers: Display: Worker (2/9): shaders left to compile 672
[2019.12.28-13.37.23:804][280]LogShaderCompilers: Display: Worker (8/9): shaders left to compile 662
[2019.12.28-13.37.23:841][281]LogShaderCompilers: Display: Worker (3/9): shaders left to compile 652
[2019.12.28-13.37.23:841][281]LogShaderCompilers: Display: Worker (5/9): shaders left to compile 642
[2019.12.28-13.37.24:343][311]LogShaderCompilers: Display: Worker (6/9): shaders left to compile 632
[2019.12.28-13.37.24:478][313]LogShaderCompilers: Display: Worker (4/9): shaders left to compile 622
[2019.12.28-13.37.25:746][377]LogShaderCompilers: Display: Worker (1/9): shaders left to compile 612
[2019.12.28-13.37.26:808][436]LogShaderCompilers: Display: Worker (5/9): shaders left to compile 602
[2019.12.28-13.37.27:213][457]LogShaderCompilers: Display: Worker (8/9): shaders left to compile 592
[2019.12.28-13.37.27:718][482]LogShaderCompilers: Display: Worker (7/9): shaders left to compile 582
[2019.12.28-13.37.28:027][497]LogShaderCompilers: Display: Worker (4/9): shaders left to compile 572
[2019.12.28-13.37.28:760][533]LogShaderCompilers: Display: Worker (2/9): shaders left to compile 562
[2019.12.28-13.37.30:153][601]LogShaderCompilers: Display: Worker (3/9): shaders left to compile 552
[2019.12.28-13.37.30:363][612]LogShaderCompilers: Display: Worker (6/9): shaders left to compile 542
[2019.12.28-13.37.30:873][636]LogShaderCompilers: Display: Worker (5/9): shaders left to compile 532
[2019.12.28-13.37.31:773][689]LogShaderCompilers: Display: Worker (1/9): shaders left to compile 522
[2019.12.28-13.37.31:933][698]LogShaderCompilers: Display: Worker (7/9): shaders left to compile 512
[2019.12.28-13.37.32:242][715]LogShaderCompilers: Display: Worker (8/9): shaders left to compile 502
[2019.12.28-13.37.33:132][746]LogShaderCompilers: Display: Worker (4/9): shaders left to compile 492
[2019.12.28-13.37.34:024][797]LogShaderCompilers: Display: Worker (2/9): shaders left to compile 482
[2019.12.28-13.37.34:193][807]LogShaderCompilers: Display: Worker (3/9): shaders left to compile 472
[2019.12.28-13.37.34:803][843]LogShaderCompilers: Display: Worker (5/9): shaders left to compile 462
[2019.12.28-13.37.35:141][856]LogShaderCompilers: Display: Worker (7/9): shaders left to compile 452
[2019.12.28-13.37.35:450][874]LogShaderCompilers: Display: Worker (6/9): shaders left to compile 442
[2019.12.28-13.37.36:187][914]LogShaderCompilers: Display: Worker (4/9): shaders left to compile 432
[2019.12.28-13.37.37:307][978]LogSlate: FSceneViewport::OnFocusLost() reason 0
[2019.12.28-13.37.37:658][982]LogActorFactory: Actor Factory created Cylinder
[2019.12.28-13.37.38:043][997]LogShaderCompilers: Display: Worker (1/9): shaders left to compile 422
[2019.12.28-13.37.38:089][  0]LogShaderCompilers: Display: Worker (3/9): shaders left to compile 412
[2019.12.28-13.37.38:145][  3]LogShaderCompilers: Display: Worker (8/9): shaders left to compile 402
[2019.12.28-13.37.38:942][ 36]LogShaderCompilers: Display: Worker (7/9): shaders left to compile 392
[2019.12.28-13.37.38:979][ 36]LogActorFactory: Actor Factory created Cylinder
[2019.12.28-13.37.39:893][ 37]LogShaderCompilers: Display: Worker (5/9): shaders left to compile 382
[2019.12.28-13.37.39:995][ 39]LogShaderCompilers: Display: Worker (2/9): shaders left to compile 372
[2019.12.28-13.37.40:013][ 39]LogShaderCompilers: Display: Worker (6/9): shaders left to compile 362
[2019.12.28-13.37.40:956][ 90]LogShaderCompilers: Display: Worker (4/9): shaders left to compile 352
[2019.12.28-13.37.41:985][141]LogShaderCompilers: Display: Worker (8/9): shaders left to compile 342
[2019.12.28-13.37.42:086][147]LogShaderCompilers: Display: Worker (1/9): shaders left to compile 332
[2019.12.28-13.37.42:571][172]LogShaderCompilers: Display: Worker (3/9): shaders left to compile 322
[2019.12.28-13.37.43:396][209]LogShaderCompilers: Display: Worker (6/9): shaders left to compile 312
[2019.12.28-13.37.43:537][217]LogShaderCompilers: Display: Worker (5/9): shaders left to compile 302
[2019.12.28-13.37.44:901][293]LogShaderCompilers: Display: Worker (7/9): shaders left to compile 292
[2019.12.28-13.37.45:069][302]LogShaderCompilers: Display: Worker (1/9): shaders left to compile 282
[2019.12.28-13.37.45:892][344]LogShaderCompilers: Display: Worker (2/9): shaders left to compile 272
[2019.12.28-13.37.46:709][387]LogShaderCompilers: Display: Worker (4/9): shaders left to compile 262
[2019.12.28-13.37.46:941][393]LogSlate: Took 0.000241 seconds to synchronously load lazily loaded font '../../../Engine/Content/Slate/Fonts/Roboto-Light.ttf' (167K)
[2019.12.28-13.37.46:953][393]LogSlate: FSceneViewport::OnFocusLost() reason 5
[2019.12.28-13.37.47:098][393]LogUObjectHash: Compacting FUObjectHashTables data took   8.27ms
[2019.12.28-13.37.48:961][393]LogShaderCompilers: Display: Worker (5/9): shaders left to compile 252
[2019.12.28-13.37.48:961][393]LogShaderCompilers: Display: Worker (6/9): shaders left to compile 242
[2019.12.28-13.37.48:961][393]LogShaderCompilers: Display: Worker (1/9): shaders left to compile 232
[2019.12.28-13.37.48:961][393]LogShaderCompilers: Display: Worker (8/9): shaders left to compile 222
[2019.12.28-13.37.48:961][393]LogShaderCompilers: Display: Worker (3/9): shaders left to compile 212
[2019.12.28-13.37.55:697][393]LogShaderCompilers: Display: Worker (5/9): shaders left to compile 202
[2019.12.28-13.37.55:697][393]LogShaderCompilers: Display: Worker (2/9): shaders left to compile 192
[2019.12.28-13.37.55:697][393]LogShaderCompilers: Display: Worker (4/9): shaders left to compile 182
[2019.12.28-13.37.55:697][393]LogShaderCompilers: Display: Worker (7/9): shaders left to compile 172
[2019.12.28-13.37.55:697][393]LogShaderCompilers: Display: Worker (8/9): shaders left to compile 162
[2019.12.28-13.37.55:697][393]LogShaderCompilers: Display: Worker (1/9): shaders left to compile 152
[2019.12.28-13.37.55:697][393]LogShaderCompilers: Display: Worker (5/9): shaders left to compile 142
[2019.12.28-13.37.55:697][393]LogShaderCompilers: Display: Worker (6/9): shaders left to compile 132
[2019.12.28-13.37.55:697][393]LogShaderCompilers: Display: Worker (3/9): shaders left to compile 122
[2019.12.28-13.37.55:697][393]LogShaderCompilers: Display: Worker (7/9): shaders left to compile 112
[2019.12.28-13.37.55:697][393]LogShaderCompilers: Display: Worker (1/9): shaders left to compile 102
[2019.12.28-13.37.55:697][393]LogShaderCompilers: Display: Worker (2/9): shaders left to compile 92
[2019.12.28-13.37.55:697][393]LogShaderCompilers: Display: Worker (4/9): shaders left to compile 82
[2019.12.28-13.38.01:467][393]LogShaderCompilers: Display: Worker (3/9): shaders left to compile 72
[2019.12.28-13.38.01:467][393]LogShaderCompilers: Display: Worker (5/9): shaders left to compile 62
[2019.12.28-13.38.01:467][393]LogShaderCompilers: Display: Worker (8/9): shaders left to compile 54
[2019.12.28-13.38.01:467][393]LogShaderCompilers: Display: Worker (2/9): shaders left to compile 47
[2019.12.28-13.38.01:467][393]LogShaderCompilers: Display: Worker (7/9): shaders left to compile 41
[2019.12.28-13.38.01:467][393]LogShaderCompilers: Display: Worker (1/9): shaders left to compile 35
[2019.12.28-13.38.01:467][393]LogShaderCompilers: Display: Worker (6/9): shaders left to compile 30
[2019.12.28-13.38.01:467][393]LogShaderCompilers: Display: Worker (5/9): shaders left to compile 26
[2019.12.28-13.38.01:467][393]LogShaderCompilers: Display: Worker (3/9): shaders left to compile 22
[2019.12.28-13.38.01:467][393]LogShaderCompilers: Display: Worker (7/9): shaders left to compile 19
[2019.12.28-13.38.01:467][393]LogShaderCompilers: Display: Worker (8/9): shaders left to compile 16
[2019.12.28-13.38.01:467][393]LogShaderCompilers: Display: Worker (2/9): shaders left to compile 13
[2019.12.28-13.38.01:467][393]LogShaderCompilers: Display: Worker (3/9): shaders left to compile 11
[2019.12.28-13.38.01:467][393]LogShaderCompilers: Display: Worker (8/9): shaders left to compile 9
[2019.12.28-13.38.01:467][393]LogShaderCompilers: Display: Worker (7/9): shaders left to compile 7
[2019.12.28-13.38.01:467][393]LogShaderCompilers: Display: Worker (5/9): shaders left to compile 6
[2019.12.28-13.38.01:467][393]LogShaderCompilers: Display: Worker (4/9): shaders left to compile 5
[2019.12.28-13.38.01:467][393]LogShaderCompilers: Display: Worker (6/9): shaders left to compile 4
[2019.12.28-13.38.02:405][393]LogShaderCompilers: Display: Worker (1/9): shaders left to compile 3
[2019.12.28-13.38.02:405][393]LogShaderCompilers: Display: Worker (3/9): shaders left to compile 2
[2019.12.28-13.38.02:405][393]LogShaderCompilers: Display: Worker (2/9): shaders left to compile 1
[2019.12.28-13.38.06:355][393]LogSavePackage: Moving 'C:/Users/adity/OneDrive/Documents/GitHub/Unreal_Project/B_VR_Wedding_Set_01/Saved/StartupMapBD91416F40205E1FB188D584BDCF39F4.tmp' to 'C:/Users/adity/OneDrive/Documents/GitHub/Unreal_Project/B_VR_Wedding_Set_01/Content/VirtualRealityBP/Maps/StartupMap.umap'
[2019.12.28-13.38.06:520][393]LogSavePackage: Moving 'C:/Users/adity/OneDrive/Documents/GitHub/Unreal_Project/B_VR_Wedding_Set_01/Saved/StartupMap_BuiltData16453FEC4164C9945B6FA383F67B3886.tmp' to 'C:/Users/adity/OneDrive/Documents/GitHub/Unreal_Project/B_VR_Wedding_Set_01/Content/VirtualRealityBP/Maps/StartupMap_BuiltData.uasset'
[2019.12.28-13.46.17:104][963]LogEditorSessionSummary: EditorSessionSummary sent report. Type=Shutdown, SessionId={15CEFD91-4BE5-FD89-6CF5-9C942B0B0FCF}
[2019.12.28-13.57.00:840][880]LogSlate: FSceneViewport::OnFocusLost() reason 2
[2019.12.28-13.57.08:431][267]LogSlate: Window 'Source Control Login' being destroyed
[2019.12.28-13.57.17:557][796]SourceControl: fatal: D:/00_UNREAL_Installation/UE_4.23/Engine/Content: 'D:/00_UNREAL_Installation/UE_4.23/Engine/Content' is outside repository
[2019.12.28-13.57.17:650][796]EditorErrors: Warning: No assets to check in!
[2019.12.28-13.57.36:927][271]SourceControl: fatal: D:/00_UNREAL_Installation/UE_4.23/Engine/Content: 'D:/00_UNREAL_Installation/UE_4.23/Engine/Content' is outside repository
[2019.12.28-13.57.37:022][271]EditorErrors: Warning: No assets to check in!
