Log file open, 12/28/19 17:48:42
LogWindows: Failed to load 'aqProf.dll' (GetLastError=126)
LogWindows: File 'aqProf.dll' does not exist
LogWindows: Failed to load 'VtuneApi.dll' (GetLastError=126)
LogWindows: File 'VtuneApi.dll' does not exist
LogWindows: Failed to load 'VtuneApi32e.dll' (GetLastError=126)
LogWindows: File 'VtuneApi32e.dll' does not exist
LogConsoleResponse: Display: Failed to find resolution value strings in scalability ini. Falling back to default.
LogInit: Display: Running engine for game: B_VR_Wedding_Set_01
LogPlatformFile: Not using cached read wrapper
LogTaskGraph: Started task graph with 5 named threads and 35 total threads with 3 sets of task threads.
LogStats: Stats thread started at 28.455226
LogD3D11RHI: Loaded GFSDK_Aftermath_Lib.x64.dll
LogICUInternationalization: ICU TimeZone Detection - Raw Offset: +5:30, Platform Override: ''
LogPluginManager: Mounting plugin Paper2D
LogPluginManager: Mounting plugin AISupport
LogPluginManager: Mounting plugin LightPropagationVolume
LogPluginManager: Mounting plugin ActorLayerUtilities
LogPluginManager: Mounting plugin AnimationSharing
LogPluginManager: Mounting plugin CLionSourceCodeAccess
LogPluginManager: Mounting plugin CodeLiteSourceCodeAccess
LogPluginManager: Mounting plugin ConcertMain
LogPluginManager: Mounting plugin ConcertSyncClient
LogPluginManager: Mounting plugin ConcertSyncCore
LogPluginManager: Found config from plugin[ConcertSyncCore] D:/01_Projects/Unreal/B_VR_Wedding_Set_01/Saved/Config/Windows/Engine.ini
LogPluginManager: Mounting plugin MultiUserClient
LogPluginManager: Mounting plugin GitSourceControl
LogPluginManager: Mounting plugin KDevelopSourceCodeAccess
LogPluginManager: Mounting plugin NullSourceCodeAccess
LogPluginManager: Mounting plugin PerforceSourceControl
LogPluginManager: Mounting plugin SubversionSourceControl
LogPluginManager: Mounting plugin UObjectPlugin
LogPluginManager: Mounting plugin VisualStudioCodeSourceCodeAccess
LogPluginManager: Mounting plugin VisualStudioSourceCodeAccess
LogPluginManager: Mounting plugin XCodeSourceCodeAccess
LogPluginManager: Mounting plugin AssetManagerEditor
LogPluginManager: Mounting plugin CryptoKeys
LogPluginManager: Mounting plugin CurveEditorTools
LogPluginManager: Mounting plugin DataValidation
LogPluginManager: Mounting plugin EditorScriptingUtilities
LogPluginManager: Mounting plugin FacialAnimation
LogPluginManager: Mounting plugin GameplayTagsEditor
LogPluginManager: Mounting plugin GLTFImporter
LogPluginManager: Mounting plugin MacGraphicsSwitching
LogPluginManager: Mounting plugin MaterialAnalyzer
LogPluginManager: Mounting plugin MeshEditor
LogPluginManager: Mounting plugin MobileLauncherProfileWizard
LogPluginManager: Mounting plugin PluginBrowser
LogPluginManager: Mounting plugin SpeedTreeImporter
LogPluginManager: Mounting plugin DatasmithContent
LogPluginManager: Mounting plugin VariantManagerContent
LogPluginManager: Mounting plugin AlembicImporter
LogPluginManager: Mounting plugin AutomationUtils
LogPluginManager: Mounting plugin BackChannel
LogPluginManager: Mounting plugin BlastPlugin
LogPluginManager: Mounting plugin ChaosSolverPlugin
LogPluginManager: Mounting plugin CharacterAI
LogPluginManager: Mounting plugin DataPrepEditor
LogPluginManager: Mounting plugin GeometryCache
LogPluginManager: Mounting plugin GeometryCollectionPlugin
LogPluginManager: Mounting plugin HTML5Networking
LogPluginManager: Mounting plugin PlatformCrypto
LogPluginManager: Mounting plugin ProxyLODPlugin
LogPluginManager: Mounting plugin PythonScriptPlugin
LogPluginManager: Mounting plugin SkeletalReduction
LogPluginManager: Mounting plugin MagicLeap
LogPluginManager: Mounting plugin MagicLeapMedia
LogPluginManager: Mounting plugin AndroidMedia
LogPluginManager: Mounting plugin AvfMedia
LogPluginManager: Mounting plugin ImgMedia
LogPluginManager: Mounting plugin MediaCompositing
LogPluginManager: Mounting plugin MediaPlayerEditor
LogPluginManager: Mounting plugin WebMMedia
LogPluginManager: Mounting plugin WmfMedia
LogPluginManager: Mounting plugin MegascansPlugin
LogPluginManager: Mounting plugin TcpMessaging
LogPluginManager: Mounting plugin UdpMessaging
LogPluginManager: Mounting plugin ActorSequence
LogPluginManager: Mounting plugin LevelSequenceEditor
LogPluginManager: Mounting plugin MatineeToLevelSequence
LogPluginManager: Mounting plugin NetcodeUnitTest
LogPluginManager: Mounting plugin NUTUnrealEngine4
LogPluginManager: Mounting plugin OnlineSubsystemGooglePlay
LogPluginManager: Mounting plugin OnlineSubsystemIOS
LogPluginManager: Mounting plugin OnlineSubsystem
LogPluginManager: Mounting plugin OnlineSubsystemNull
LogPluginManager: Mounting plugin OnlineSubsystemUtils
LogPluginManager: Mounting plugin LauncherChunkInstaller
LogPluginManager: Mounting plugin AndroidDeviceProfileSelector
LogPluginManager: Mounting plugin AndroidMoviePlayer
LogPluginManager: Mounting plugin AndroidPermission
LogPluginManager: Mounting plugin AppleImageUtils
LogPluginManager: Mounting plugin AppleMoviePlayer
LogPluginManager: Mounting plugin ArchVisCharacter
LogPluginManager: Mounting plugin AudioCapture
LogPluginManager: Mounting plugin CableComponent
LogPluginManager: Mounting plugin CustomMeshComponent
LogPluginManager: Mounting plugin SQLiteCore
LogPluginManager: Mounting plugin EditableMesh
LogPluginManager: Mounting plugin ExampleDeviceProfileSelector
LogPluginManager: Mounting plugin GoogleCloudMessaging
LogPluginManager: Mounting plugin IOSDeviceProfileSelector
LogPluginManager: Mounting plugin LinuxDeviceProfileSelector
LogPluginManager: Mounting plugin LocationServicesBPLibrary
LogPluginManager: Mounting plugin MobilePatchingUtils
LogPluginManager: Mounting plugin OculusVR
LogPluginManager: Mounting plugin PhysXVehicles
LogPluginManager: Mounting plugin ProceduralMeshComponent
LogPluginManager: Mounting plugin RuntimePhysXCooking
LogPluginManager: Mounting plugin SignificanceManager
LogPluginManager: Mounting plugin SteamVR
LogPluginManager: Mounting plugin WebMMoviePlayer
LogPluginManager: Mounting plugin WindowsMoviePlayer
LogPluginManager: Mounting plugin ScreenshotTools
LogPluginManager: Mounting plugin DatasmithC4DImporter
LogPluginManager: Mounting plugin DatasmithCADImporter
LogPluginManager: Mounting plugin DatasmithFBXImporter
LogPluginManager: Mounting plugin DatasmithGLTFImporter
LogPluginManager: Mounting plugin DatasmithIFCImporter
LogPluginManager: Mounting plugin DatasmithImporter
LogPluginManager: Mounting plugin MDLImporter
LogPluginManager: Mounting plugin StaticMeshEditorExtension
LogPluginManager: Mounting plugin VariantManager
LogInit: Using libcurl 7.55.1-DEV
LogInit:  - built for x86_64-pc-win32
LogInit:  - supports SSL with OpenSSL/1.1.1
LogInit:  - supports HTTP deflate (compression) using libz 1.2.8
LogInit:  - other features:
LogInit:      CURL_VERSION_SSL
LogInit:      CURL_VERSION_LIBZ
LogInit:      CURL_VERSION_IPV6
LogInit:      CURL_VERSION_ASYNCHDNS
LogInit:      CURL_VERSION_LARGEFILE
LogInit:      CURL_VERSION_IDN
LogInit:  CurlRequestOptions (configurable via config and command line):
LogInit:  - bVerifyPeer = true  - Libcurl will verify peer certificate
LogInit:  - bUseHttpProxy = false  - Libcurl will NOT use HTTP proxy
LogInit:  - bDontReuseConnections = false  - Libcurl will reuse connections
LogInit:  - MaxHostConnections = 16  - Libcurl will limit the number of connections to a host
LogInit:  - LocalHostAddr = Default
LogInit:  - BufferSize = 65536
LogOnline: OSS: Creating online subsystem instance for: NULL
LogInit: WinSock: version 1.1 (2.2), MaxSocks=32767, MaxUdp=65467
LogInit: Build: ++UE4+Release-4.23-CL-9631420
LogInit: Engine Version: 4.23.1-9631420+++UE4+Release-4.23
LogInit: Compatible Engine Version: 4.23.0-8386587+++UE4+Release-4.23
LogInit: Net CL: 8386587
LogInit: OS: Windows 10 (Release 1909) (), CPU:        Intel(R) Xeon(R) CPU E5-1650 0 @ 3.20GHz, GPU: NVIDIA GeForce GTX 1060 6GB
LogInit: Compiled (64-bit): Oct 18 2019 02:07:44
LogInit: Compiled with Visual C++: 19.16.27030.01
LogInit: Build Configuration: Development
LogInit: Branch Name: ++UE4+Release-4.23
LogInit: Command Line: 
LogInit: Base Directory: C:/Program Files/Epic Games/UE_4.23/Engine/Binaries/Win64/
LogInit: Installed Engine Build: 1
LogDevObjectVersion: Number of dev versions registered: 23
LogDevObjectVersion:   Dev-Blueprints (B0D832E4-1F89-4F0D-ACCF-7EB736FD4AA2): 10
LogDevObjectVersion:   Dev-Build (E1C64328-A22C-4D53-A36C-8E866417BD8C): 0
LogDevObjectVersion:   Dev-Core (375EC13C-06E4-48FB-B500-84F0262A717E): 3
LogDevObjectVersion:   Dev-Editor (E4B068ED-F494-42E9-A231-DA0B2E46BB41): 34
LogDevObjectVersion:   Dev-Framework (CFFC743F-43B0-4480-9391-14DF171D2073): 35
LogDevObjectVersion:   Dev-Mobile (B02B49B5-BB20-44E9-A304-32B752E40360): 2
LogDevObjectVersion:   Dev-Networking (A4E4105C-59A1-49B5-A7C5-40C4547EDFEE): 0
LogDevObjectVersion:   Dev-Online (39C831C9-5AE6-47DC-9A44-9C173E1C8E7C): 0
LogDevObjectVersion:   Dev-Physics (78F01B33-EBEA-4F98-B9B4-84EACCB95AA2): 0
LogDevObjectVersion:   Dev-Platform (6631380F-2D4D-43E0-8009-CF276956A95A): 0
LogDevObjectVersion:   Dev-Rendering (12F88B9F-8875-4AFC-A67C-D90C383ABD29): 31
LogDevObjectVersion:   Dev-Sequencer (7B5AE74C-D270-4C10-A958-57980B212A5A): 11
LogDevObjectVersion:   Dev-VR (D7296918-1DD6-4BDD-9DE2-64A83CC13884): 2
LogDevObjectVersion:   Dev-LoadTimes (C2A15278-BFE7-4AFE-6C17-90FF531DF755): 1
LogDevObjectVersion:   Private-Geometry (6EACA3D4-40EC-4CC1-B786-8BED09428FC5): 3
LogDevObjectVersion:   Dev-AnimPhys (29E575DD-E0A3-4627-9D10-D276232CDCEA): 17
LogDevObjectVersion:   Dev-Anim (AF43A65D-7FD3-4947-9873-3E8ED9C1BB05): 2
LogDevObjectVersion:   Dev-ReflectionCapture (6B266CEC-1EC7-4B8F-A30B-E4D90942FC07): 1
LogDevObjectVersion:   Dev-Automation (0DF73D61-A23F-47EA-B727-89E90C41499A): 1
LogDevObjectVersion:   FortniteMain (601D1886-AC64-4F84-AA16-D3DE0DEAC7D6): 27
LogDevObjectVersion:   Dev-Enterprise (9DFFBCD6-494F-0158-E221-12823C92A888): 6
LogDevObjectVersion:   Dev-Niagara (F2AED0AC-9AFE-416F-8664-AA7FFA26D6FC): 1
LogDevObjectVersion:   Dev-Destruction (174F1F0B-B4C6-45A5-B13F-2EE8D0FB917D): 9
LogInit: Presizing for max 16777216 objects, including 0 objects not considered by GC, pre-allocating 0 bytes for permanent pool.
LogInit: Object subsystem initialized
LogConfig: Setting CVar [[con.DebugEarlyDefault:1]]
LogConfig: Setting CVar [[r.setres:1280x720]]
[2019.12.28-12.18.47:548][  0]LogConfig: Setting CVar [[r.VSync:0]]
[2019.12.28-12.18.47:548][  0]LogConfig: Setting CVar [[r.RHICmdBypass:0]]
[2019.12.28-12.18.47:548][  0]LogConfig: Applying CVar settings from Section [/Script/Engine.RendererSettings] File [D:/01_Projects/Unreal/B_VR_Wedding_Set_01/Saved/Config/Windows/Engine.ini]
[2019.12.28-12.18.47:548][  0]LogConfig: Setting CVar [[r.GPUCrashDebugging:0]]
[2019.12.28-12.18.47:548][  0]LogConfig: Setting CVar [[r.DefaultFeature.AmbientOcclusion:0]]
[2019.12.28-12.18.47:548][  0]LogConfig: Setting CVar [[r.DefaultFeature.AmbientOcclusionStaticFraction:0]]
[2019.12.28-12.18.47:548][  0]LogConfig: Setting CVar [[vr.InstancedStereo:1]]
[2019.12.28-12.18.47:548][  0]LogConfig: Setting CVar [[r.SeparateTranslucency:0]]
[2019.12.28-12.18.47:548][  0]LogConfig: Setting CVar [[r.HZBOcclusion:0]]
[2019.12.28-12.18.47:548][  0]LogConfig: Setting CVar [[r.SSR.MaxRoughness:0]]
[2019.12.28-12.18.47:548][  0]LogConfig: Setting CVar [[r.rhicmdbypass:0]]
[2019.12.28-12.18.47:548][  0]LogConfig: Applying CVar settings from Section [/Script/Engine.RendererOverrideSettings] File [D:/01_Projects/Unreal/B_VR_Wedding_Set_01/Saved/Config/Windows/Engine.ini]
[2019.12.28-12.18.47:548][  0]LogConfig: Applying CVar settings from Section [/Script/Engine.StreamingSettings] File [D:/01_Projects/Unreal/B_VR_Wedding_Set_01/Saved/Config/Windows/Engine.ini]
[2019.12.28-12.18.47:548][  0]LogConfig: Setting CVar [[s.MinBulkDataSizeForAsyncLoading:131072]]
[2019.12.28-12.18.47:548][  0]LogConfig: Setting CVar [[s.AsyncLoadingThreadEnabled:0]]
[2019.12.28-12.18.47:548][  0]LogConfig: Setting CVar [[s.EventDrivenLoaderEnabled:1]]
[2019.12.28-12.18.47:548][  0]LogConfig: Setting CVar [[s.WarnIfTimeLimitExceeded:0]]
[2019.12.28-12.18.47:548][  0]LogConfig: Setting CVar [[s.TimeLimitExceededMultiplier:1.5]]
[2019.12.28-12.18.47:548][  0]LogConfig: Setting CVar [[s.TimeLimitExceededMinTime:0.005]]
[2019.12.28-12.18.47:548][  0]LogConfig: Setting CVar [[s.UseBackgroundLevelStreaming:1]]
[2019.12.28-12.18.47:549][  0]LogConfig: Setting CVar [[s.PriorityAsyncLoadingExtraTime:15.0]]
[2019.12.28-12.18.47:549][  0]LogConfig: Setting CVar [[s.LevelStreamingActorsUpdateTimeLimit:5.0]]
[2019.12.28-12.18.47:549][  0]LogConfig: Setting CVar [[s.PriorityLevelStreamingActorsUpdateExtraTime:5.0]]
[2019.12.28-12.18.47:549][  0]LogConfig: Setting CVar [[s.LevelStreamingComponentsRegistrationGranularity:10]]
[2019.12.28-12.18.47:549][  0]LogConfig: Setting CVar [[s.UnregisterComponentsTimeLimit:1.0]]
[2019.12.28-12.18.47:549][  0]LogConfig: Setting CVar [[s.LevelStreamingComponentsUnregistrationGranularity:5]]
[2019.12.28-12.18.47:549][  0]LogConfig: Applying CVar settings from Section [/Script/Engine.GarbageCollectionSettings] File [D:/01_Projects/Unreal/B_VR_Wedding_Set_01/Saved/Config/Windows/Engine.ini]
[2019.12.28-12.18.47:549][  0]LogConfig: Setting CVar [[gc.MaxObjectsNotConsideredByGC:1]]
[2019.12.28-12.18.47:549][  0]LogConfig: Setting CVar [[gc.SizeOfPermanentObjectPool:0]]
[2019.12.28-12.18.47:549][  0]LogConfig: Setting CVar [[gc.FlushStreamingOnGC:0]]
[2019.12.28-12.18.47:549][  0]LogConfig: Setting CVar [[gc.NumRetriesBeforeForcingGC:10]]
[2019.12.28-12.18.47:549][  0]LogConfig: Setting CVar [[gc.AllowParallelGC:1]]
[2019.12.28-12.18.47:549][  0]LogConfig: Setting CVar [[gc.TimeBetweenPurgingPendingKillObjects:61.1]]
[2019.12.28-12.18.47:549][  0]LogConfig: Setting CVar [[gc.MaxObjectsInEditor:16777216]]
[2019.12.28-12.18.47:549][  0]LogConfig: Setting CVar [[gc.IncrementalBeginDestroyEnabled:1]]
[2019.12.28-12.18.47:549][  0]LogConfig: Setting CVar [[gc.CreateGCClusters:1]]
[2019.12.28-12.18.47:549][  0]LogConfig: Setting CVar [[gc.MinGCClusterSize:5]]
[2019.12.28-12.18.47:549][  0]LogConfig: Setting CVar [[gc.ActorClusteringEnabled:0]]
[2019.12.28-12.18.47:549][  0]LogConfig: Setting CVar [[gc.BlueprintClusteringEnabled:0]]
[2019.12.28-12.18.47:549][  0]LogConfig: Setting CVar [[gc.UseDisregardForGCOnDedicatedServers:0]]
[2019.12.28-12.18.47:549][  0]LogConfig: Applying CVar settings from Section [/Script/Engine.NetworkSettings] File [D:/01_Projects/Unreal/B_VR_Wedding_Set_01/Saved/Config/Windows/Engine.ini]
[2019.12.28-12.18.47:549][  0]LogConfig: Applying CVar settings from Section [/Script/UnrealEd.CookerSettings] File [D:/01_Projects/Unreal/B_VR_Wedding_Set_01/Saved/Config/Windows/Engine.ini]
[2019.12.28-12.18.47:624][  0]LogConfig: Applying CVar settings from Section [ViewDistanceQuality@3] File [D:/01_Projects/Unreal/B_VR_Wedding_Set_01/Saved/Config/Windows/Scalability.ini]
[2019.12.28-12.18.47:624][  0]LogConfig: Setting CVar [[r.SkeletalMeshLODBias:0]]
[2019.12.28-12.18.47:624][  0]LogConfig: Setting CVar [[r.ViewDistanceScale:1.0]]
[2019.12.28-12.18.47:624][  0]LogConfig: Applying CVar settings from Section [AntiAliasingQuality@3] File [D:/01_Projects/Unreal/B_VR_Wedding_Set_01/Saved/Config/Windows/Scalability.ini]
[2019.12.28-12.18.47:624][  0]LogConfig: Setting CVar [[r.PostProcessAAQuality:3]]
[2019.12.28-12.18.47:624][  0]LogConfig: Applying CVar settings from Section [ShadowQuality@3] File [D:/01_Projects/Unreal/B_VR_Wedding_Set_01/Saved/Config/Windows/Scalability.ini]
[2019.12.28-12.18.47:624][  0]LogConfig: Setting CVar [[r.LightFunctionQuality:1]]
[2019.12.28-12.18.47:624][  0]LogConfig: Setting CVar [[r.ShadowQuality:5]]
[2019.12.28-12.18.47:624][  0]LogConfig: Setting CVar [[r.Shadow.CSM.MaxCascades:10]]
[2019.12.28-12.18.47:624][  0]LogConfig: Setting CVar [[r.Shadow.MaxResolution:2048]]
[2019.12.28-12.18.47:624][  0]LogConfig: Setting CVar [[r.Shadow.MaxCSMResolution:2048]]
[2019.12.28-12.18.47:624][  0]LogConfig: Setting CVar [[r.Shadow.RadiusThreshold:0.01]]
[2019.12.28-12.18.47:624][  0]LogConfig: Setting CVar [[r.Shadow.DistanceScale:1.0]]
[2019.12.28-12.18.47:624][  0]LogConfig: Setting CVar [[r.Shadow.CSM.TransitionScale:1.0]]
[2019.12.28-12.18.47:624][  0]LogConfig: Setting CVar [[r.Shadow.PreShadowResolutionFactor:1.0]]
[2019.12.28-12.18.47:624][  0]LogConfig: Setting CVar [[r.DistanceFieldShadowing:1]]
[2019.12.28-12.18.47:624][  0]LogConfig: Setting CVar [[r.DistanceFieldAO:1]]
[2019.12.28-12.18.47:624][  0]LogConfig: Setting CVar [[r.AOQuality:2]]
[2019.12.28-12.18.47:624][  0]LogConfig: Setting CVar [[r.VolumetricFog:1]]
[2019.12.28-12.18.47:624][  0]LogConfig: Setting CVar [[r.VolumetricFog.GridPixelSize:8]]
[2019.12.28-12.18.47:624][  0]LogConfig: Setting CVar [[r.VolumetricFog.GridSizeZ:128]]
[2019.12.28-12.18.47:624][  0]LogConfig: Setting CVar [[r.VolumetricFog.HistoryMissSupersampleCount:4]]
[2019.12.28-12.18.47:624][  0]LogConfig: Setting CVar [[r.LightMaxDrawDistanceScale:1]]
[2019.12.28-12.18.47:625][  0]LogConfig: Setting CVar [[r.CapsuleShadows:1]]
[2019.12.28-12.18.47:625][  0]LogConfig: Applying CVar settings from Section [PostProcessQuality@3] File [D:/01_Projects/Unreal/B_VR_Wedding_Set_01/Saved/Config/Windows/Scalability.ini]
[2019.12.28-12.18.47:625][  0]LogConfig: Setting CVar [[r.MotionBlurQuality:0]]
[2019.12.28-12.18.47:625][  0]LogConfig: Setting CVar [[r.AmbientOcclusionMipLevelFactor:0.4]]
[2019.12.28-12.18.47:625][  0]LogConfig: Setting CVar [[r.AmbientOcclusionMaxQuality:100]]
[2019.12.28-12.18.47:625][  0]LogConfig: Setting CVar [[r.AmbientOcclusionLevels:0]]
[2019.12.28-12.18.47:625][  0]LogConfig: Setting CVar [[r.AmbientOcclusionRadiusScale:1.0]]
[2019.12.28-12.18.47:625][  0]LogConfig: Setting CVar [[r.DepthOfFieldQuality:0]]
[2019.12.28-12.18.47:625][  0]LogConfig: Setting CVar [[r.RenderTargetPoolMin:400]]
[2019.12.28-12.18.47:625][  0]LogConfig: Setting CVar [[r.LensFlareQuality:0]]
[2019.12.28-12.18.47:625][  0]LogConfig: Setting CVar [[r.SceneColorFringeQuality:0]]
[2019.12.28-12.18.47:625][  0]LogConfig: Setting CVar [[r.EyeAdaptationQuality:2]]
[2019.12.28-12.18.47:625][  0]LogConfig: Setting CVar [[r.BloomQuality:1]]
[2019.12.28-12.18.47:625][  0]LogConfig: Setting CVar [[r.FastBlurThreshold:0]]
[2019.12.28-12.18.47:625][  0]LogConfig: Setting CVar [[r.Upscale.Quality:3]]
[2019.12.28-12.18.47:625][  0]LogConfig: Setting CVar [[r.Tonemapper.GrainQuantization:1]]
[2019.12.28-12.18.47:625][  0]LogConfig: Setting CVar [[r.LightShaftQuality:1]]
[2019.12.28-12.18.47:625][  0]LogConfig: Setting CVar [[r.Filter.SizeScale:1]]
[2019.12.28-12.18.47:625][  0]LogConfig: Setting CVar [[r.Tonemapper.Quality:5]]
[2019.12.28-12.18.47:625][  0]LogConfig: Setting CVar [[r.DOF.Gather.AccumulatorQuality:1        ; higher gathering accumulator quality]]
[2019.12.28-12.18.47:625][  0]LogConfig: Setting CVar [[r.DOF.Gather.PostfilterMethod:1          ; Median3x3 postfilering method]]
[2019.12.28-12.18.47:625][  0]LogConfig: Setting CVar [[r.DOF.Gather.EnableBokehSettings:0       ; no bokeh simulation when gathering]]
[2019.12.28-12.18.47:625][  0]LogConfig: Setting CVar [[r.DOF.Gather.RingCount:4                 ; medium number of samples when gathering]]
[2019.12.28-12.18.47:625][  0]LogConfig: Setting CVar [[r.DOF.Scatter.ForegroundCompositing:1    ; additive foreground scattering]]
[2019.12.28-12.18.47:625][  0]LogConfig: Setting CVar [[r.DOF.Scatter.BackgroundCompositing:2    ; additive background scattering]]
[2019.12.28-12.18.47:625][  0]LogConfig: Setting CVar [[r.DOF.Scatter.EnableBokehSettings:1      ; bokeh simulation when scattering]]
[2019.12.28-12.18.47:625][  0]LogConfig: Setting CVar [[r.DOF.Scatter.MaxSpriteRatio:0.1         ; only a maximum of 10% of scattered bokeh]]
[2019.12.28-12.18.47:625][  0]LogConfig: Setting CVar [[r.DOF.Recombine.Quality:1                ; cheap slight out of focus]]
[2019.12.28-12.18.47:625][  0]LogConfig: Setting CVar [[r.DOF.Recombine.EnableBokehSettings:0    ; no bokeh simulation on slight out of focus]]
[2019.12.28-12.18.47:625][  0]LogConfig: Setting CVar [[r.DOF.TemporalAAQuality:1                ; more stable temporal accumulation]]
[2019.12.28-12.18.47:625][  0]LogConfig: Setting CVar [[r.DOF.Kernel.MaxForegroundRadius:0.025]]
[2019.12.28-12.18.47:625][  0]LogConfig: Setting CVar [[r.DOF.Kernel.MaxBackgroundRadius:0.025]]
[2019.12.28-12.18.47:625][  0]LogConfig: Applying CVar settings from Section [TextureQuality@3] File [D:/01_Projects/Unreal/B_VR_Wedding_Set_01/Saved/Config/Windows/Scalability.ini]
[2019.12.28-12.18.47:625][  0]LogConfig: Setting CVar [[r.Streaming.MipBias:0]]
[2019.12.28-12.18.47:625][  0]LogConfig: Setting CVar [[r.Streaming.AmortizeCPUToGPUCopy:0]]
[2019.12.28-12.18.47:625][  0]LogConfig: Setting CVar [[r.Streaming.MaxNumTexturesToStreamPerFrame:0]]
[2019.12.28-12.18.47:625][  0]LogConfig: Setting CVar [[r.Streaming.Boost:1]]
[2019.12.28-12.18.47:625][  0]LogConfig: Setting CVar [[r.MaxAnisotropy:8]]
[2019.12.28-12.18.47:625][  0]LogConfig: Setting CVar [[r.Streaming.LimitPoolSizeToVRAM:0]]
[2019.12.28-12.18.47:625][  0]LogConfig: Setting CVar [[r.Streaming.PoolSize:1000]]
[2019.12.28-12.18.47:625][  0]LogConfig: Setting CVar [[r.Streaming.MaxEffectiveScreenSize:0]]
[2019.12.28-12.18.47:625][  0]LogConfig: Applying CVar settings from Section [EffectsQuality@3] File [D:/01_Projects/Unreal/B_VR_Wedding_Set_01/Saved/Config/Windows/Scalability.ini]
[2019.12.28-12.18.47:625][  0]LogConfig: Setting CVar [[r.TranslucencyLightingVolumeDim:4]]
[2019.12.28-12.18.47:625][  0]LogConfig: Setting CVar [[r.RefractionQuality:2]]
[2019.12.28-12.18.47:626][  0]LogConfig: Setting CVar [[r.SSR.Quality:0]]
[2019.12.28-12.18.47:626][  0]LogConfig: Setting CVar [[r.SceneColorFormat:2]]
[2019.12.28-12.18.47:626][  0]LogConfig: Setting CVar [[r.DetailMode:2]]
[2019.12.28-12.18.47:626][  0]LogConfig: Setting CVar [[r.TranslucencyVolumeBlur:0]]
[2019.12.28-12.18.47:626][  0]LogConfig: Setting CVar [[r.MaterialQualityLevel:1 ; High quality]]
[2019.12.28-12.18.47:626][  0]LogConfig: Setting CVar [[r.SSS.Scale:1]]
[2019.12.28-12.18.47:626][  0]LogConfig: Setting CVar [[r.SSS.SampleSet:2]]
[2019.12.28-12.18.47:626][  0]LogConfig: Setting CVar [[r.SSS.Quality:1]]
[2019.12.28-12.18.47:626][  0]LogConfig: Setting CVar [[r.SSS.HalfRes:1]]
[2019.12.28-12.18.47:626][  0]LogConfig: Setting CVar [[r.EmitterSpawnRateScale:1.0]]
[2019.12.28-12.18.47:626][  0]LogConfig: Setting CVar [[r.ParticleLightQuality:2]]
[2019.12.28-12.18.47:626][  0]LogConfig: Applying CVar settings from Section [FoliageQuality@3] File [D:/01_Projects/Unreal/B_VR_Wedding_Set_01/Saved/Config/Windows/Scalability.ini]
[2019.12.28-12.18.47:626][  0]LogConfig: Setting CVar [[foliage.DensityScale:1.0]]
[2019.12.28-12.18.47:626][  0]LogConfig: Setting CVar [[grass.DensityScale:1.0]]
[2019.12.28-12.18.47:630][  0]LogInit: Selected Device Profile: [Windows]
[2019.12.28-12.18.47:630][  0]LogInit: Applying CVar settings loaded from the selected device profile: [Windows]
[2019.12.28-12.18.47:681][  0]LogHAL: Display: Platform has ~ 24 GB [25694416896 / 34359738368 / 24], which maps to Larger [LargestMinGB=32, LargerMinGB=12, DefaultMinGB=8, SmallerMinGB=6, SmallestMinGB=0)
[2019.12.28-12.18.47:682][  0]LogInit: Going up to parent DeviceProfile []
[2019.12.28-12.18.47:682][  0]LogConfig: Applying CVar settings from Section [ViewDistanceQuality@1] File [D:/01_Projects/Unreal/B_VR_Wedding_Set_01/Saved/Config/Windows/Scalability.ini]
[2019.12.28-12.18.47:682][  0]LogConfig: Setting CVar [[r.SkeletalMeshLODBias:1]]
[2019.12.28-12.18.47:682][  0]LogConfig: Setting CVar [[r.ViewDistanceScale:0.6]]
[2019.12.28-12.18.47:682][  0]LogConfig: Applying CVar settings from Section [AntiAliasingQuality@1] File [D:/01_Projects/Unreal/B_VR_Wedding_Set_01/Saved/Config/Windows/Scalability.ini]
[2019.12.28-12.18.47:682][  0]LogConfig: Setting CVar [[r.PostProcessAAQuality:2]]
[2019.12.28-12.18.47:682][  0]LogConfig: Applying CVar settings from Section [ShadowQuality@1] File [D:/01_Projects/Unreal/B_VR_Wedding_Set_01/Saved/Config/Windows/Scalability.ini]
[2019.12.28-12.18.47:682][  0]LogConfig: Setting CVar [[r.LightFunctionQuality:1]]
[2019.12.28-12.18.47:682][  0]LogConfig: Setting CVar [[r.ShadowQuality:3]]
[2019.12.28-12.18.47:682][  0]LogConfig: Setting CVar [[r.Shadow.CSM.MaxCascades:1]]
[2019.12.28-12.18.47:682][  0]LogConfig: Setting CVar [[r.Shadow.MaxResolution:1024]]
[2019.12.28-12.18.47:682][  0]LogConfig: Setting CVar [[r.Shadow.MaxCSMResolution:1024]]
[2019.12.28-12.18.47:682][  0]LogConfig: Setting CVar [[r.Shadow.RadiusThreshold:0.05]]
[2019.12.28-12.18.47:682][  0]LogConfig: Setting CVar [[r.Shadow.DistanceScale:0.7]]
[2019.12.28-12.18.47:682][  0]LogConfig: Setting CVar [[r.Shadow.CSM.TransitionScale:0.25]]
[2019.12.28-12.18.47:683][  0]LogConfig: Setting CVar [[r.Shadow.PreShadowResolutionFactor:0.5]]
[2019.12.28-12.18.47:683][  0]LogConfig: Setting CVar [[r.DistanceFieldShadowing:0]]
[2019.12.28-12.18.47:683][  0]LogConfig: Setting CVar [[r.DistanceFieldAO:0]]
[2019.12.28-12.18.47:683][  0]LogConfig: Setting CVar [[r.VolumetricFog:0]]
[2019.12.28-12.18.47:683][  0]LogConfig: Setting CVar [[r.LightMaxDrawDistanceScale:.5]]
[2019.12.28-12.18.47:683][  0]LogConfig: Setting CVar [[r.CapsuleShadows:1]]
[2019.12.28-12.18.47:683][  0]LogConfig: Applying CVar settings from Section [PostProcessQuality@1] File [D:/01_Projects/Unreal/B_VR_Wedding_Set_01/Saved/Config/Windows/Scalability.ini]
[2019.12.28-12.18.47:683][  0]LogConfig: Setting CVar [[r.MotionBlurQuality:0]]
[2019.12.28-12.18.47:683][  0]LogConfig: Setting CVar [[r.AmbientOcclusionMipLevelFactor:1.0]]
[2019.12.28-12.18.47:683][  0]LogConfig: Setting CVar [[r.AmbientOcclusionMaxQuality:60]]
[2019.12.28-12.18.47:683][  0]LogConfig: Setting CVar [[r.AmbientOcclusionLevels:0]]
[2019.12.28-12.18.47:683][  0]LogConfig: Setting CVar [[r.AmbientOcclusionRadiusScale:1.5]]
[2019.12.28-12.18.47:683][  0]LogConfig: Setting CVar [[r.DepthOfFieldQuality:0]]
[2019.12.28-12.18.47:683][  0]LogConfig: Setting CVar [[r.RenderTargetPoolMin:350]]
[2019.12.28-12.18.47:683][  0]LogConfig: Setting CVar [[r.LensFlareQuality:0]]
[2019.12.28-12.18.47:683][  0]LogConfig: Setting CVar [[r.SceneColorFringeQuality:0]]
[2019.12.28-12.18.47:683][  0]LogConfig: Setting CVar [[r.EyeAdaptationQuality:0]]
[2019.12.28-12.18.47:683][  0]LogConfig: Setting CVar [[r.BloomQuality:1]]
[2019.12.28-12.18.47:683][  0]LogConfig: Setting CVar [[r.FastBlurThreshold:0]]
[2019.12.28-12.18.47:683][  0]LogConfig: Setting CVar [[r.Upscale.Quality:2]]
[2019.12.28-12.18.47:683][  0]LogConfig: Setting CVar [[r.Tonemapper.GrainQuantization:0]]
[2019.12.28-12.18.47:683][  0]LogConfig: Setting CVar [[r.LightShaftQuality:0]]
[2019.12.28-12.18.47:683][  0]LogConfig: Setting CVar [[r.Filter.SizeScale:0.7]]
[2019.12.28-12.18.47:683][  0]LogConfig: Setting CVar [[r.Tonemapper.Quality:2]]
[2019.12.28-12.18.47:683][  0]LogConfig: Setting CVar [[r.DOF.Gather.AccumulatorQuality:0        ; lower gathering accumulator quality]]
[2019.12.28-12.18.47:683][  0]LogConfig: Setting CVar [[r.DOF.Gather.PostfilterMethod:2          ; Max3x3 postfilering method]]
[2019.12.28-12.18.47:683][  0]LogConfig: Setting CVar [[r.DOF.Gather.EnableBokehSettings:0       ; no bokeh simulation when gathering]]
[2019.12.28-12.18.47:683][  0]LogConfig: Setting CVar [[r.DOF.Gather.RingCount:3                 ; low number of samples when gathering]]
[2019.12.28-12.18.47:683][  0]LogConfig: Setting CVar [[r.DOF.Scatter.ForegroundCompositing:0    ; no foreground scattering]]
[2019.12.28-12.18.47:683][  0]LogConfig: Setting CVar [[r.DOF.Scatter.BackgroundCompositing:0    ; no foreground scattering]]
[2019.12.28-12.18.47:683][  0]LogConfig: Setting CVar [[r.DOF.Recombine.Quality:0                ; no slight out of focus]]
[2019.12.28-12.18.47:683][  0]LogConfig: Setting CVar [[r.DOF.TemporalAAQuality:0                ; faster temporal accumulation]]
[2019.12.28-12.18.47:683][  0]LogConfig: Setting CVar [[r.DOF.Kernel.MaxForegroundRadius:0.006   ; required because low gathering and no scattering and not looking great at 1080p]]
[2019.12.28-12.18.47:683][  0]LogConfig: Setting CVar [[r.DOF.Kernel.MaxBackgroundRadius:0.006   ; required because low gathering and no scattering and not looking great at 1080p]]
[2019.12.28-12.18.47:683][  0]LogConfig: Applying CVar settings from Section [TextureQuality@1] File [D:/01_Projects/Unreal/B_VR_Wedding_Set_01/Saved/Config/Windows/Scalability.ini]
[2019.12.28-12.18.47:683][  0]LogConfig: Setting CVar [[r.Streaming.MipBias:1]]
[2019.12.28-12.18.47:683][  0]LogConfig: Setting CVar [[r.Streaming.AmortizeCPUToGPUCopy:0]]
[2019.12.28-12.18.47:683][  0]LogConfig: Setting CVar [[r.Streaming.MaxNumTexturesToStreamPerFrame:0]]
[2019.12.28-12.18.47:683][  0]LogConfig: Setting CVar [[r.Streaming.Boost:1]]
[2019.12.28-12.18.47:683][  0]LogConfig: Setting CVar [[r.MaxAnisotropy:2]]
[2019.12.28-12.18.47:683][  0]LogConfig: Setting CVar [[r.Streaming.LimitPoolSizeToVRAM:1]]
[2019.12.28-12.18.47:683][  0]LogConfig: Setting CVar [[r.Streaming.PoolSize:600]]
[2019.12.28-12.18.47:684][  0]LogConfig: Setting CVar [[r.Streaming.MaxEffectiveScreenSize:0]]
[2019.12.28-12.18.47:684][  0]LogConfig: Applying CVar settings from Section [EffectsQuality@1] File [D:/01_Projects/Unreal/B_VR_Wedding_Set_01/Saved/Config/Windows/Scalability.ini]
[2019.12.28-12.18.47:684][  0]LogConfig: Setting CVar [[r.TranslucencyLightingVolumeDim:4]]
[2019.12.28-12.18.47:684][  0]LogConfig: Setting CVar [[r.RefractionQuality:0]]
[2019.12.28-12.18.47:684][  0]LogConfig: Setting CVar [[r.SSR.Quality:0]]
[2019.12.28-12.18.47:684][  0]LogConfig: Setting CVar [[r.SceneColorFormat:2]]
[2019.12.28-12.18.47:684][  0]LogConfig: Setting CVar [[r.DetailMode:1]]
[2019.12.28-12.18.47:684][  0]LogConfig: Setting CVar [[r.TranslucencyVolumeBlur:0]]
[2019.12.28-12.18.47:684][  0]LogConfig: Setting CVar [[r.MaterialQualityLevel:2 ; Medium quality]]
[2019.12.28-12.18.47:684][  0]LogConfig: Setting CVar [[r.SSS.Scale:0.75]]
[2019.12.28-12.18.47:684][  0]LogConfig: Setting CVar [[r.SSS.SampleSet:0]]
[2019.12.28-12.18.47:684][  0]LogConfig: Setting CVar [[r.SSS.Quality:0]]
[2019.12.28-12.18.47:684][  0]LogConfig: Setting CVar [[r.SSS.HalfRes:1]]
[2019.12.28-12.18.47:684][  0]LogConfig: Setting CVar [[r.EmitterSpawnRateScale:0.25]]
[2019.12.28-12.18.47:684][  0]LogConfig: Setting CVar [[r.ParticleLightQuality:0]]
[2019.12.28-12.18.47:684][  0]LogConfig: Applying CVar settings from Section [FoliageQuality@1] File [D:/01_Projects/Unreal/B_VR_Wedding_Set_01/Saved/Config/Windows/Scalability.ini]
[2019.12.28-12.18.47:684][  0]LogConfig: Setting CVar [[foliage.DensityScale:0.4]]
[2019.12.28-12.18.47:684][  0]LogConfig: Setting CVar [[grass.DensityScale:0.4]]
[2019.12.28-12.18.47:684][  0]LogConfig: Applying CVar settings from Section [Startup] File [../../../Engine/Config/ConsoleVariables.ini]
[2019.12.28-12.18.47:712][  0]LogConfig: Setting CVar [[net.UseAdaptiveNetUpdateFrequency:0]]
[2019.12.28-12.18.47:712][  0]LogConfig: Setting CVar [[p.chaos.AllowCreatePhysxBodies:1]]
[2019.12.28-12.18.47:712][  0]LogConfig: Applying CVar settings from Section [ConsoleVariables] File [D:/01_Projects/Unreal/B_VR_Wedding_Set_01/Saved/Config/Windows/Engine.ini]
[2019.12.28-12.18.47:730][  0]LogInit: Computer: DESKTOP-0JQQOO0
[2019.12.28-12.18.47:730][  0]LogInit: User: bilva
[2019.12.28-12.18.47:730][  0]LogInit: CPU Page size=4096, Cores=6
[2019.12.28-12.18.47:730][  0]LogInit: High frequency timer resolution =10.000000 MHz
[2019.12.28-12.18.47:730][  0]LogMemory: Memory total: Physical=23.9GB (24GB approx)
[2019.12.28-12.18.47:730][  0]LogMemory: Platform Memory Stats for Windows
[2019.12.28-12.18.47:730][  0]LogMemory: Process Physical Memory: 102.87 MB used, 102.88 MB peak
[2019.12.28-12.18.47:730][  0]LogMemory: Process Virtual Memory: 104.48 MB used, 104.48 MB peak
[2019.12.28-12.18.47:730][  0]LogMemory: Physical Memory: 4567.99 MB used,  19936.12 MB free, 24504.11 MB total
[2019.12.28-12.18.47:730][  0]LogMemory: Virtual Memory: 4693.73 MB used,  134213032.00 MB free, 134217728.00 MB total
[2019.12.28-12.18.47:801][  0]LogWindows: WindowsPlatformFeatures enabled
[2019.12.28-12.18.48:980][  0]LogInit: Using OS detected language (en-US).
[2019.12.28-12.18.48:980][  0]LogInit: Using OS detected locale (en-IN).
[2019.12.28-12.18.49:133][  0]LogTextLocalizationManager: No specific localization for 'en-US' exists, so the 'en' localization will be used.
[2019.12.28-12.18.50:113][  0]LogInit: Setting process to per monitor DPI aware
[2019.12.28-12.18.51:078][  0]LogSlate: New Slate User Created.  User Index 0, Is Virtual User: 0
[2019.12.28-12.18.51:078][  0]LogSlate: Slate User Registered.  User Index 0, Is Virtual User: 0
[2019.12.28-12.18.53:895][  0]LogHMD: Failed to initialize OpenVR with code 110
[2019.12.28-12.18.53:895][  0]LogD3D11RHI: D3D11 adapters:
[2019.12.28-12.18.54:761][  0]LogD3D11RHI:    0. 'NVIDIA GeForce GTX 1060 6GB' (Feature Level 11_0)
[2019.12.28-12.18.54:761][  0]LogD3D11RHI:       6052/0/12252 MB DedicatedVideo/DedicatedSystem/SharedSystem, Outputs:1, VendorId:0x10de
[2019.12.28-12.18.54:821][  0]LogD3D11RHI:    1. 'Microsoft Basic Render Driver' (Feature Level 11_0)
[2019.12.28-12.18.54:821][  0]LogD3D11RHI:       0/0/12252 MB DedicatedVideo/DedicatedSystem/SharedSystem, Outputs:0, VendorId:0x1414
[2019.12.28-12.18.54:821][  0]LogD3D11RHI: Chosen D3D11 Adapter: 0
[2019.12.28-12.18.54:842][  0]LogD3D11RHI: Creating new Direct3DDevice
[2019.12.28-12.18.54:843][  0]LogD3D11RHI:     GPU DeviceId: 0x1c03 (for the marketing name, search the web for "GPU Device Id")
[2019.12.28-12.18.54:843][  0]LogWindows: EnumDisplayDevices:
[2019.12.28-12.18.54:844][  0]LogWindows:    0. 'NVIDIA GeForce GTX 1060 6GB' (P:1 D:1)
[2019.12.28-12.18.54:844][  0]LogWindows:    1. 'NVIDIA GeForce GTX 1060 6GB' (P:0 D:0)
[2019.12.28-12.18.54:845][  0]LogWindows:    2. 'NVIDIA GeForce GTX 1060 6GB' (P:0 D:0)
[2019.12.28-12.18.54:845][  0]LogWindows:    3. 'NVIDIA GeForce GTX 1060 6GB' (P:0 D:0)
[2019.12.28-12.18.54:846][  0]LogWindows: DebugString: FoundDriverCount:4 
[2019.12.28-12.18.54:846][  0]LogD3D11RHI:     Adapter Name: NVIDIA GeForce GTX 1060 6GB
[2019.12.28-12.18.54:852][  0]LogD3D11RHI:   Driver Version: 432.00 (internal:26.21.14.3200, unified:432.00)
[2019.12.28-12.18.54:852][  0]LogD3D11RHI:      Driver Date: 7-24-2019
[2019.12.28-12.18.54:852][  0]LogRHI: Texture pool is 4236 MB (70% of 6052 MB)
[2019.12.28-12.18.55:114][  0]LogD3D11RHI: Async texture creation enabled
[2019.12.28-12.18.55:304][  0]LogD3D11RHI: GPU Timing Frequency: 1000.000000 (Debug: 2 1)
[2019.12.28-12.18.58:225][  0]LogTemp: Display: Module 'AllDesktopTargetPlatform' loaded TargetPlatform 'AllDesktop'
[2019.12.28-12.18.58:309][  0]LogTemp: Display: Module 'MacClientTargetPlatform' loaded TargetPlatform 'MacClient'
[2019.12.28-12.18.58:339][  0]LogTemp: Display: Module 'MacNoEditorTargetPlatform' loaded TargetPlatform 'MacNoEditor'
[2019.12.28-12.18.58:434][  0]LogTemp: Display: Module 'MacServerTargetPlatform' loaded TargetPlatform 'MacServer'
[2019.12.28-12.18.58:520][  0]LogTemp: Display: Module 'MacTargetPlatform' loaded TargetPlatform 'Mac'
[2019.12.28-12.18.58:627][  0]LogTemp: Display: Module 'WindowsClientTargetPlatform' loaded TargetPlatform 'WindowsClient'
[2019.12.28-12.18.58:747][  0]LogTemp: Display: Module 'WindowsNoEditorTargetPlatform' loaded TargetPlatform 'WindowsNoEditor'
[2019.12.28-12.18.58:804][  0]LogTemp: Display: Module 'WindowsServerTargetPlatform' loaded TargetPlatform 'WindowsServer'
[2019.12.28-12.18.58:889][  0]LogTemp: Display: Module 'WindowsTargetPlatform' loaded TargetPlatform 'Windows'
[2019.12.28-12.18.59:010][  0]LogTemp: Display: Module 'AndroidTargetPlatform' loaded TargetPlatform 'Android'
[2019.12.28-12.18.59:010][  0]LogTemp: Display: Module 'AndroidTargetPlatform' loaded TargetPlatform 'Android_ASTC'
[2019.12.28-12.18.59:010][  0]LogTemp: Display: Module 'AndroidTargetPlatform' loaded TargetPlatform 'Android_ATC'
[2019.12.28-12.18.59:010][  0]LogTemp: Display: Module 'AndroidTargetPlatform' loaded TargetPlatform 'Android_DXT'
[2019.12.28-12.18.59:010][  0]LogTemp: Display: Module 'AndroidTargetPlatform' loaded TargetPlatform 'Android_ETC1'
[2019.12.28-12.18.59:010][  0]LogTemp: Display: Module 'AndroidTargetPlatform' loaded TargetPlatform 'Android_ETC1a'
[2019.12.28-12.18.59:010][  0]LogTemp: Display: Module 'AndroidTargetPlatform' loaded TargetPlatform 'Android_ETC2'
[2019.12.28-12.18.59:010][  0]LogTemp: Display: Module 'AndroidTargetPlatform' loaded TargetPlatform 'Android_PVRTC'
[2019.12.28-12.18.59:010][  0]LogTemp: Display: Module 'AndroidTargetPlatform' loaded TargetPlatform 'AndroidClient'
[2019.12.28-12.18.59:010][  0]LogTemp: Display: Module 'AndroidTargetPlatform' loaded TargetPlatform 'Android_ASTCClient'
[2019.12.28-12.18.59:010][  0]LogTemp: Display: Module 'AndroidTargetPlatform' loaded TargetPlatform 'Android_ATCClient'
[2019.12.28-12.18.59:010][  0]LogTemp: Display: Module 'AndroidTargetPlatform' loaded TargetPlatform 'Android_DXTClient'
[2019.12.28-12.18.59:010][  0]LogTemp: Display: Module 'AndroidTargetPlatform' loaded TargetPlatform 'Android_ETC1Client'
[2019.12.28-12.18.59:010][  0]LogTemp: Display: Module 'AndroidTargetPlatform' loaded TargetPlatform 'Android_ETC1aClient'
[2019.12.28-12.18.59:010][  0]LogTemp: Display: Module 'AndroidTargetPlatform' loaded TargetPlatform 'Android_ETC2Client'
[2019.12.28-12.18.59:010][  0]LogTemp: Display: Module 'AndroidTargetPlatform' loaded TargetPlatform 'Android_PVRTCClient'
[2019.12.28-12.18.59:010][  0]LogTemp: Display: Module 'AndroidTargetPlatform' loaded TargetPlatform 'Android_Multi'
[2019.12.28-12.18.59:010][  0]LogTemp: Display: Module 'AndroidTargetPlatform' loaded TargetPlatform 'Android_MultiClient'
[2019.12.28-12.18.59:099][  0]LogTemp: Display: Module 'HTML5TargetPlatform' loaded TargetPlatform 'HTML5'
[2019.12.28-12.18.59:274][  0]LogTemp: Display: Module 'IOSTargetPlatform' loaded TargetPlatform 'IOSClient'
[2019.12.28-12.18.59:274][  0]LogTemp: Display: Module 'IOSTargetPlatform' loaded TargetPlatform 'IOS'
[2019.12.28-12.18.59:300][  0]LogTemp: Display: Module 'TVOSTargetPlatform' loaded TargetPlatform 'TVOSClient'
[2019.12.28-12.18.59:300][  0]LogTemp: Display: Module 'TVOSTargetPlatform' loaded TargetPlatform 'TVOS'
[2019.12.28-12.18.59:372][  0]LogTemp: Display: Module 'LinuxClientTargetPlatform' loaded TargetPlatform 'LinuxClient'
[2019.12.28-12.18.59:415][  0]LogTemp: Display: Module 'LinuxNoEditorTargetPlatform' loaded TargetPlatform 'LinuxNoEditor'
[2019.12.28-12.18.59:476][  0]LogTemp: Display: Module 'LinuxServerTargetPlatform' loaded TargetPlatform 'LinuxServer'
[2019.12.28-12.18.59:541][  0]LogTemp: Display: Module 'LinuxTargetPlatform' loaded TargetPlatform 'Linux'
[2019.12.28-12.18.59:699][  0]LogTemp: Display: Module 'LuminTargetPlatform' loaded TargetPlatform 'Lumin'
[2019.12.28-12.18.59:699][  0]LogTemp: Display: Module 'LuminTargetPlatform' loaded TargetPlatform 'LuminClient'
[2019.12.28-12.18.59:699][  0]LogTargetPlatformManager: Display: Building Assets For Windows
[2019.12.28-12.18.59:837][  0]LogAudioDebug: Display: Lib vorbis DLL was dynamically loaded.
[2019.12.28-12.19.00:984][  0]LogShaderCompilers: Guid format shader working directory is 5 characters bigger than the processId version (D:/01_Projects/Unreal/B_VR_Wedding_Set_01/Intermediate/Shaders/WorkingDirectory/7196/).
[2019.12.28-12.19.00:984][  0]LogShaderCompilers: Cleaned the shader compiler working directory 'C:/Users/bilva/AppData/Local/Temp/UnrealShaderWorkingDir/91FB6DC64428A0C52D079C9CFDC192E0/'.
[2019.12.28-12.19.01:052][  0]LogXGEController: Cannot use XGE Controller as Incredibuild is not installed on this machine.
[2019.12.28-12.19.01:066][  0]LogShaderCompilers: Cannot use XGE Shader Compiler as Incredibuild is not installed on this machine.
[2019.12.28-12.19.01:066][  0]LogShaderCompilers: Display: Using Local Shader Compiler.
[2019.12.28-12.19.06:977][  0]LogDerivedDataCache: Display: Max Cache Size: 512 MB
[2019.12.28-12.19.08:458][  0]LogDerivedDataCache: Loaded boot cache 1.47s 92MB C:/Users/bilva/AppData/Local/UnrealEngine/4.23/DerivedDataCache/Boot.ddc.
[2019.12.28-12.19.08:458][  0]LogDerivedDataCache: Display: Loaded Boot cache: C:/Users/bilva/AppData/Local/UnrealEngine/4.23/DerivedDataCache/Boot.ddc
[2019.12.28-12.19.08:458][  0]LogDerivedDataCache: FDerivedDataBackendGraph:  Pak pak cache file D:/01_Projects/Unreal/B_VR_Wedding_Set_01/DerivedDataCache/DDC.ddp not found, will not use a pak cache.
[2019.12.28-12.19.08:459][  0]LogDerivedDataCache: Unable to find inner node Pak for hierarchical cache Hierarchy.
[2019.12.28-12.19.08:459][  0]LogDerivedDataCache: FDerivedDataBackendGraph:  CompressedPak pak cache file D:/01_Projects/Unreal/B_VR_Wedding_Set_01/DerivedDataCache/Compressed.ddp not found, will not use a pak cache.
[2019.12.28-12.19.08:459][  0]LogDerivedDataCache: Unable to find inner node CompressedPak for hierarchical cache Hierarchy.
[2019.12.28-12.19.08:525][  0]LogDerivedDataCache: Display: Pak cache opened for reading ../../../Engine/DerivedDataCache/Compressed.ddp.
[2019.12.28-12.19.08:595][  0]LogDerivedDataCache: Display: Pak cache opened for reading ../../../Enterprise/DerivedDataCache/Compressed.ddp.
[2019.12.28-12.19.08:652][  0]LogDerivedDataCache: Using Local data cache path C:/Users/bilva/AppData/Local/UnrealEngine/Common/DerivedDataCache: Writable
[2019.12.28-12.19.08:652][  0]LogDerivedDataCache: Shared data cache path not found in *engine.ini, will not use an Shared cache.
[2019.12.28-12.19.08:652][  0]LogDerivedDataCache: Unable to find inner node Shared for hierarchical cache Hierarchy.
[2019.12.28-12.19.13:544][  0]LogMaterial: Verifying Global Shaders for PCD3D_SM5
[2019.12.28-12.19.13:777][  0]LogSlate: Using FreeType 2.6.0
[2019.12.28-12.19.14:008][  0]LogSlate: SlateFontServices - WITH_FREETYPE: 1, WITH_HARFBUZZ: 1
[2019.12.28-12.19.15:842][  0]LogAssetRegistry: FAssetRegistry took 0.0040 seconds to start up
[2019.12.28-12.19.21:730][  0]LogInit: Selected Device Profile: [Windows]
[2019.12.28-12.19.25:890][  0]LogMeshReduction: Using QuadricMeshReduction for automatic static mesh reduction
[2019.12.28-12.19.25:891][  0]LogMeshReduction: Using SimplygonMeshReduction for automatic skeletal mesh reduction
[2019.12.28-12.19.25:891][  0]LogMeshReduction: Using ProxyLODMeshReduction for automatic mesh merging
[2019.12.28-12.19.25:891][  0]LogMeshReduction: No distributed automatic mesh merging module available
[2019.12.28-12.19.25:902][  0]LogMeshMerging: No distributed automatic mesh merging module available
[2019.12.28-12.19.26:602][  0]LogNetVersion: B_VR_Wedding_Set_01 1.0.0, NetCL: 8386587, EngineNetVer: 11, GameNetVer: 0 (Checksum: 3540923302)
[2019.12.28-12.19.33:201][  0]LogAssetRegistry: Error: Failed to open file for write D:/01_Projects/Unreal/B_VR_Wedding_Set_01/Intermediate/CachedAssetRegistry.bin
[2019.12.28-12.19.33:201][  0]LogClass: Warning: In asset 'None', there is an enum property of type 'EDepthOfFieldMethod' with an invalid value of '('
[2019.12.28-12.19.36:916][  0]LogPackageLocalizationCache: Processed 21 localized package path(s) for 1 prioritized culture(s) in 0.422841 seconds
[2019.12.28-12.19.36:925][  0]LogUObjectArray: 43444 objects as part of root set at end of initial load.
[2019.12.28-12.19.36:925][  0]LogUObjectAllocator: 7548648 out of 0 bytes used by permanent object pool.
[2019.12.28-12.19.36:925][  0]LogUObjectArray: CloseDisregardForGC: 0/0 objects in disregard for GC pool
[2019.12.28-12.20.01:004][  0]LogPython: Using Python 2.7.14
[2019.12.28-12.20.04:470][  0]LogTcpMessaging: Initializing TcpMessaging bridge
[2019.12.28-12.20.04:613][  0]LogUdpMessaging: Initializing bridge on interface 0.0.0.0:0 to multicast group 230.0.0.1:6666.
[2019.12.28-12.20.06:002][  0]SourceControl: Source control is disabled
[2019.12.28-12.20.06:002][  0]SourceControl: Source control is disabled
[2019.12.28-12.20.06:139][  0]SourceControl: Source control is disabled
[2019.12.28-12.20.06:165][  0]SourceControl: Source control is disabled
[2019.12.28-12.20.10:387][  0]LogAndroidPermission: UAndroidPermissionCallbackProxy::GetInstance
[2019.12.28-12.20.11:550][  0]LogOcInput: OculusInput pre-init called
[2019.12.28-12.20.11:615][  0]LogWindows: Failed to load 'OVRPlugin.dll' (GetLastError=126)
[2019.12.28-12.20.11:615][  0]LogWindows: File 'OVRPlugin.dll' does not exist
[2019.12.28-12.21.24:947][  0]LogEngine: Initializing Engine...
[2019.12.28-12.21.25:062][  0]LogHMD: Failed to initialize OpenVR with code 110
[2019.12.28-12.21.25:188][  0]LogStats: UGameplayTagsManager::InitializeManager -  0.061 s
[2019.12.28-12.21.29:032][  0]LogInit: Initializing FReadOnlyCVARCache
[2019.12.28-12.21.29:363][  0]LogAIModule: Creating AISystem for world Untitled
[2019.12.28-12.21.29:555][  0]LogInit: XAudio2 using 'Speakers (Realtek High Definition Audio)' : 2 channels at 48 kHz using 32 bits per sample (channel mask 0x3)
[2019.12.28-12.21.29:737][  0]LogInit: FAudioDevice initialized.
[2019.12.28-12.21.29:737][  0]LogNetVersion: Set ProjectVersion to 1.0.0.0. Version Checksum will be recalculated on next use.
[2019.12.28-12.21.31:857][  0]LogDerivedDataCache: Saved boot cache 2.12s 92MB C:/Users/bilva/AppData/Local/UnrealEngine/4.23/DerivedDataCache/Boot.ddc.
[2019.12.28-12.21.31:860][  0]LogInit: Texture streaming: Enabled
[2019.12.28-12.21.31:902][  0]LogEngineSessionManager: EngineSessionManager initialized
[2019.12.28-12.21.31:902][  0]LogEditorSessionSummary: Verbose: Initializing EditorSessionSummaryWriter for editor session tracking
[2019.12.28-12.21.31:906][  0]LogEditorSessionSummary: EditorSessionSummaryWriter initialized
[2019.12.28-12.21.32:235][  0]LogInit: Transaction tracking system initialized
[2019.12.28-12.21.34:557][  0]BlueprintLog: New page: Editor Load
[2019.12.28-12.21.36:841][  0]LocalizationService: Localization service is disabled
[2019.12.28-12.21.48:238][  0]LogFileCache: Scanning file cache for directory 'D:/01_Projects/Unreal/B_VR_Wedding_Set_01/Content/' took 0.02s
[2019.12.28-12.21.48:238][  0]LogCook: Display: Max memory allowance for cook 16384mb min free memory 0mb
[2019.12.28-12.21.48:238][  0]LogCook: Display: Mobile HDR setting 1
[2019.12.28-12.22.13:629][  0]SourceControl: Source control is disabled
[2019.12.28-12.22.13:920][  0]LogSlate: Took 0.090328 seconds to synchronously load lazily loaded font '../../../Engine/Content/Slate/Fonts/Roboto-Regular.ttf' (155K)
[2019.12.28-12.23.30:364][  0]LogSlate: Window 'Restore Packages' being destroyed
[2019.12.28-12.23.30:365][  0]LogWindowsTextInputMethodSystem: Display: IME system now deactivated.
[2019.12.28-12.23.30:380][  0]LogWindowsTextInputMethodSystem: Display: IME system now deactivated.
[2019.12.28-12.23.30:382][  0]Cmd: MAP LOAD FILE="D:/01_Projects/Unreal/B_VR_Wedding_Set_01/Content/VirtualRealityBP/Maps/StartupMap.umap" TEMPLATE=0 SHOWPROGRESS=1 FEATURELEVEL=3
[2019.12.28-12.23.30:382][  0]LightingResults: New page: Lighting Build
[2019.12.28-12.23.30:388][  0]LogWorld: UWorld::CleanupWorld for Untitled, bSessionEnded=true, bCleanupResources=true
[2019.12.28-12.23.30:388][  0]MapCheck: New page: Map Check
[2019.12.28-12.23.30:388][  0]LightingResults: New page: Lighting Build
[2019.12.28-12.23.30:428][  0]LogUObjectHash: Compacting FUObjectHashTables data took   3.39ms
[2019.12.28-12.23.31:027][  0]LogBlueprint: Warning: [Compiler Measure_Tool_Simple] Set Text (String) : Usage of 'Set Text (String)' has been deprecated. Use the SetText function taking an FText instead.
[2019.12.28-12.23.31:027][  0]LogBlueprint: Warning: [Compiler Measure_Tool_Simple] Set Text (String) : Usage of 'Set Text (String)' has been deprecated. Use the SetText function taking an FText instead.
[2019.12.28-12.23.31:027][  0]LogBlueprint: Warning: [Compiler Measure_Tool_Simple] Set Text (String) : Usage of 'Set Text (String)' has been deprecated. Use the SetText function taking an FText instead.
[2019.12.28-12.23.31:028][  0]LogBlueprint: Warning: [Compiler Measure_Tool_Simple] Set Text (String) : Usage of 'Set Text (String)' has been deprecated. Use the SetText function taking an FText instead.
[2019.12.28-12.23.31:049][  0]LogBlueprint: Warning: [Compiler Measure_Tool_Spline] Set Text (String) : Usage of 'Set Text (String)' has been deprecated. Use the SetText function taking an FText instead.
[2019.12.28-12.23.31:049][  0]LogBlueprint: Warning: [Compiler Measure_Tool_Spline] Set Text (String) : Usage of 'Set Text (String)' has been deprecated. Use the SetText function taking an FText instead.
[2019.12.28-12.23.31:050][  0]LogBlueprint: Warning: [Compiler Measure_Tool_Spline] Set Text (String) : Usage of 'Set Text (String)' has been deprecated. Use the SetText function taking an FText instead.
[2019.12.28-12.23.31:050][  0]LogBlueprint: Warning: [Compiler Measure_Tool_Spline] Set Text (String) : Usage of 'Set Text (String)' has been deprecated. Use the SetText function taking an FText instead.
[2019.12.28-12.25.31:514][  0]LoadErrors: Warning: Linear color curves now accurately handle RGB values > 1. If you were relying on HSV clamping, please update Curve_GoodSky_DomeColor
[2019.12.28-12.25.31:514][  0]LoadErrors: Warning: Linear color curves now accurately handle RGB values > 1. If you were relying on HSV clamping, please update Curve_GoodSky_BaseCloudColor
[2019.12.28-12.25.31:514][  0]LoadErrors: Warning: Linear color curves now accurately handle RGB values > 1. If you were relying on HSV clamping, please update Curve_GoodSky_horizon_Color
[2019.12.28-12.25.31:899][  0]LoadErrors: Warning: Linear color curves now accurately handle RGB values > 1. If you were relying on HSV clamping, please update Curve_GoodSky_AllOverlayColor
[2019.12.28-12.25.41:781][  0]LogMaterial: Display: Missing cached shader map for material Stem, compiling. 
[2019.12.28-12.25.42:281][  0]LogShaderCompilers: Display: Worker (1/9): shaders left to compile 43
[2019.12.28-12.25.42:282][  0]LogShaderCompilers: Display: Worker (2/9): shaders left to compile 38
[2019.12.28-12.25.42:282][  0]LogShaderCompilers: Display: Worker (3/9): shaders left to compile 33
[2019.12.28-12.25.42:282][  0]LogShaderCompilers: Display: Worker (4/9): shaders left to compile 28
[2019.12.28-12.25.42:282][  0]LogShaderCompilers: Display: Worker (5/9): shaders left to compile 23
[2019.12.28-12.25.42:282][  0]LogShaderCompilers: Display: Worker (6/9): shaders left to compile 18
[2019.12.28-12.25.42:282][  0]LogShaderCompilers: Display: Worker (7/9): shaders left to compile 13
[2019.12.28-12.25.42:282][  0]LogShaderCompilers: Display: Worker (8/9): shaders left to compile 8
[2019.12.28-12.25.42:282][  0]LogShaderCompilers: Display: Worker (9/9): shaders left to compile 3
[2019.12.28-12.25.42:282][  0]LogMaterial: Display: Missing cached shader map for material Stigma_wild, compiling. 
[2019.12.28-12.25.42:413][  0]LogMaterial: Display: Missing cached shader map for material Petal_wild, compiling. 
[2019.12.28-12.25.42:600][  0]LogMaterial: Display: Missing cached shader map for material Leaf_wild, compiling. 
[2019.12.28-12.25.42:957][  0]LogAIModule: Creating AISystem for world StartupMap
[2019.12.28-12.25.44:057][  0]LogShaderCompilers: Display: Worker (6/9): shaders left to compile 159
[2019.12.28-12.25.44:058][  0]LogLevel: Warning: SortActorsHierarchy(/Game/VirtualRealityBP/Maps/StartupMap) took 1.098905 seconds
[2019.12.28-12.25.45:896][  0]LogShaderCompilers: Display: Worker (1/9): shaders left to compile 149
[2019.12.28-12.25.45:896][  0]LogShaderCompilers: Display: Worker (9/9): shaders left to compile 139
[2019.12.28-12.25.45:896][  0]LogShaderCompilers: Display: Worker (2/9): shaders left to compile 129
[2019.12.28-12.25.45:919][  0]LogEditorServer: Finished looking for orphan Actors (0.005 secs)
[2019.12.28-12.25.46:365][  0]LogShaderCompilers: Display: Worker (5/9): shaders left to compile 119
[2019.12.28-12.25.46:492][  0]LogShaderCompilers: Display: Worker (8/9): shaders left to compile 109
[2019.12.28-12.25.46:874][  0]LogShaderCompilers: Display: Worker (7/9): shaders left to compile 99
[2019.12.28-12.25.47:235][  0]LogShaderCompilers: Display: Worker (4/9): shaders left to compile 89
[2019.12.28-12.25.47:308][  0]LogUObjectHash: Compacting FUObjectHashTables data took  17.57ms
[2019.12.28-12.25.47:309][  0]Cmd: MAP CHECKDEP NOCLEARLOG
[2019.12.28-12.25.47:314][  0]MapCheck: Map check complete: 0 Error(s), 0 Warning(s), took 5.792ms to complete.
[2019.12.28-12.25.47:314][  0]LogFileHelpers: Loading map 'StartupMap' took 136.933
[2019.12.28-12.25.47:772][  0]LogSlate: Updating window title bar state: overlay mode, drag disabled, window buttons hidden, title bar hidden
[2019.12.28-12.25.47:801][  0]LogSlate: Updating window title bar state: overlay mode, drag disabled, window buttons hidden, title bar hidden
[2019.12.28-12.25.47:838][  0]LogSlate: Updating window title bar state: overlay mode, drag disabled, window buttons hidden, title bar hidden
[2019.12.28-12.25.47:876][  0]LogSlate: Updating window title bar state: overlay mode, drag disabled, window buttons hidden, title bar hidden
[2019.12.28-12.25.47:949][  0]LogCollectionManager: Loaded 0 collections in 0.004217 seconds
[2019.12.28-12.25.48:111][  0]LogFileCache: Scanning file cache for directory 'D:/01_Projects/Unreal/B_VR_Wedding_Set_01/Saved/Collections/' took 0.01s
[2019.12.28-12.25.48:111][  0]LogFileCache: Scanning file cache for directory 'D:/01_Projects/Unreal/B_VR_Wedding_Set_01/Content/Developers/bilva/Collections/' took 0.00s
[2019.12.28-12.25.48:111][  0]LogFileCache: Scanning file cache for directory 'D:/01_Projects/Unreal/B_VR_Wedding_Set_01/Content/Collections/' took 0.00s
[2019.12.28-12.25.48:111][  0]LogCollectionManager: Rebuilt the GUID cache for 0 collections in 0.000006 seconds
[2019.12.28-12.25.48:149][  0]LogContentBrowser: Native class hierarchy populated in 0.0377 seconds. Added 3073 classes and 789 folders.
[2019.12.28-12.25.48:234][  0]LogShaderCompilers: Display: Worker (3/9): shaders left to compile 79
[2019.12.28-12.25.48:235][  0]LogContentBrowser: Native class hierarchy updated for 'WidgetCarousel' in 0.0005 seconds. Added 0 classes and 0 folders.
[2019.12.28-12.25.50:323][  0]LogContentBrowser: Native class hierarchy updated for 'AddContentDialog' in 0.0004 seconds. Added 0 classes and 0 folders.
[2019.12.28-12.25.50:331][  0]LogContentBrowser: Native class hierarchy updated for 'SceneOutliner' in 0.0007 seconds. Added 1 classes and 0 folders.
[2019.12.28-12.25.52:402][  0]LogShaderCompilers: Display: Worker (2/9): shaders left to compile 70
[2019.12.28-12.25.52:402][  0]LogShaderCompilers: Display: Worker (6/9): shaders left to compile 62
[2019.12.28-12.25.52:402][  0]LogShaderCompilers: Display: Worker (3/9): shaders left to compile 55
[2019.12.28-12.25.52:402][  0]LogShaderCompilers: Display: Worker (1/9): shaders left to compile 48
[2019.12.28-12.25.52:402][  0]LogSlate: Took 0.034355 seconds to synchronously load lazily loaded font '../../../Engine/Content/Slate/Fonts/Roboto-Bold.ttf' (160K)
[2019.12.28-12.25.52:444][  0]LogSlate: Took 0.034610 seconds to synchronously load lazily loaded font '../../../Engine/Content/Editor/Slate/Fonts/FontAwesome.ttf' (139K)
[2019.12.28-12.25.52:688][  0]LogRenderer: Reallocating scene render targets to support 1260x572 Format 26 NumSamples 1 (Frame:1).
[2019.12.28-12.25.52:947][  0]LogSlate: Took 0.018026 seconds to synchronously load lazily loaded font '../../../Engine/Content/Slate/Fonts/Roboto-Light.ttf' (167K)
[2019.12.28-12.26.00:571][  0]LogShaderCompilers: Display: Worker (9/9): shaders left to compile 42
[2019.12.28-12.26.00:571][  0]LogShaderCompilers: Display: Worker (8/9): shaders left to compile 37
[2019.12.28-12.26.00:571][  0]LogShaderCompilers: Display: Worker (7/9): shaders left to compile 32
[2019.12.28-12.26.00:571][  0]LogShaderCompilers: Display: Worker (1/9): shaders left to compile 28
[2019.12.28-12.26.00:571][  0]LogShaderCompilers: Display: Worker (2/9): shaders left to compile 24
[2019.12.28-12.26.00:571][  0]LogShaderCompilers: Display: Worker (3/9): shaders left to compile 21
[2019.12.28-12.26.00:571][  0]LogShaderCompilers: Display: Worker (6/9): shaders left to compile 18
[2019.12.28-12.26.00:571][  0]LogShaderCompilers: Display: Worker (9/9): shaders left to compile 15
[2019.12.28-12.26.00:571][  0]LogShaderCompilers: Display: Worker (5/9): shaders left to compile 13
[2019.12.28-12.26.00:571][  0]LogShaderCompilers: Display: Worker (4/9): shaders left to compile 11
[2019.12.28-12.26.00:571][  0]LogShaderCompilers: Display: Worker (1/9): shaders left to compile 9
[2019.12.28-12.26.00:571][  0]LogShaderCompilers: Display: Worker (6/9): shaders left to compile 7
[2019.12.28-12.26.00:571][  0]LogShaderCompilers: Display: Worker (2/9): shaders left to compile 6
[2019.12.28-12.26.00:571][  0]LogShaderCompilers: Display: Worker (3/9): shaders left to compile 5
[2019.12.28-12.26.00:572][  0]LogShaderCompilers: Display: Worker (7/9): shaders left to compile 4
[2019.12.28-12.26.00:572][  0]LogShaderCompilers: Display: Worker (9/9): shaders left to compile 3
[2019.12.28-12.26.00:572][  0]LogShaderCompilers: Display: Worker (2/9): shaders left to compile 2
[2019.12.28-12.26.00:572][  0]LogShaderCompilers: Display: Worker (6/9): shaders left to compile 1
[2019.12.28-12.26.00:758][  0]LogContentBrowser: Native class hierarchy updated for 'HierarchicalLODOutliner' in 0.0009 seconds. Added 0 classes and 0 folders.
[2019.12.28-12.26.00:759][  0]LogLoad: (Engine Initialization) Total time: 551.65 seconds
[2019.12.28-12.26.00:759][  0]LogLoad: (Engine Initialization) Total Blueprint compile time: 0.00 seconds
[2019.12.28-12.26.01:149][  0]LogContentStreaming: Texture pool size now 600 MB
[2019.12.28-12.26.03:475][  3]LogSlate: Took 0.000531 seconds to synchronously load lazily loaded font '../../../Engine/Content/Slate/Fonts/Roboto-Light.ttf' (167K)
[2019.12.28-12.26.07:773][ 20]LogAssetRegistry: Asset discovery search completed in 411.9311 seconds
[2019.12.28-12.26.07:794][ 20]LogCollectionManager: Rebuilt the object cache for 0 collections in 0.000027 seconds (found 0 objects)
[2019.12.28-12.26.07:795][ 20]LogCollectionManager: Fixed up redirectors for 0 collections in 0.000311 seconds (updated 0 objects)
[2019.12.28-12.31.05:944][915]LogSlate: FSceneViewport::OnFocusLost() reason 0
[2019.12.28-12.31.05:945][915]LogSlate: Window 'Message Log' being destroyed
[2019.12.28-12.31.05:951][915]LogSlate: Window 'Message Log' being destroyed
[2019.12.28-12.39.03:594][318]LogEditorSessionSummary: EditorSessionSummary sent report. Type=AbnormalShutdown, SessionId={A84BF7BE-499F-021E-1CBE-20BCD7C09871}
[2019.12.28-12.40.32:335][577]LogSlate: FSceneViewport::OnFocusLost() reason 5
[2019.12.28-12.47.19:195][749]LogSlate: FSceneViewport::OnFocusLost() reason 5
[2019.12.28-12.47.29:227][828]LogSlate: FSceneViewport::OnFocusLost() reason 0
[2019.12.28-12.47.34:556][832]LogUObjectHash: Compacting FUObjectHashTables data took 543.50ms
